# callgrind format
version: 1
creator: callgrind-3.22.0
pid: 28749
cmd:  ./script_c
part: 1


desc: I1 cache: 
desc: D1 cache: 
desc: LL cache: 

desc: Timerange: Basic block 0 - 244129422
desc: Trigger: Program termination

positions: line
events: Ir
summary: 1210680608


ob=(2) /usr/lib/aarch64-linux-gnu/libc.so.6
fl=(75) ./string/../sysdeps/aarch64/multiarch/memchr.c
fn=(274) memchr
34 12

fl=(142) ./posix/./posix/register-atfork.c
fn=(540) __unregister_atfork
82 3
+1 3
-1 6
+1 3
-1 6
+1 12
cfi=(94) ???
cfn=(386) __aarch64_cas4_acq
calls=3 -83 
* 18
* 3
fi=(143) ./posix/../malloc/dynarray-skeleton.c
243 6
fe=(142)
71 3
+38 12
cfi=(94)
cfn=(390) __aarch64_swp4_rel
calls=3 0 
* 18
* 6
+1 12

fl=(84) ./elf/./elf/libc_early_init.c
fn=(308) __libc_early_init
fi=(2) ./elf/./elf/rtld.c
2387 1
cob=(1) /usr/lib/aarch64-linux-gnu/ld-linux-aarch64.so.1
cfi=(9) ./elf/../sysdeps/unix/sysv/linux/dl-sysdep.c
cfn=(320) _dl_sysdep_start_cleanup
calls=1 147 
* 4
+3 3
cob=(1)
cfi=(42) ./elf/./elf/dl-audit.c
cfn=(322) _dl_audit_activity_nsid
calls=1 45 
* 14
+4 2
cob=(1)
cfi=(38) ./elf/./elf/dl-debug.c
cfn=(180) _dl_debug_update
calls=1 38 
* 10
+1 1
-1 1
+2 1
cob=(1)
cfi=(38)
cfn=(128) _dl_debug_state
calls=1 116 
* 4
+1 1
+4 1
cob=(1)
cfi=(62) ./elf/./elf/dl-cache.c
cfn=(324) _dl_unload_cache
calls=1 525 
* 22
+5 9
fe=(84)
33 10
+2 1
cfi=(85) ./ctype/./ctype/ctype-info.c
cfn=(310) __ctype_init
calls=1 -4 
* 23
+3 2
+3 2
fi=(87) ./elf/../sysdeps/nptl/pthread_early_init.h
-8 1
fe=(84)
+8 1
fi=(87)
-8 1
fe=(84)
+8 1
-3 1
fi=(87)
-5 1
cfi=(86) ./resource/../sysdeps/unix/sysv/linux/getrlimit64.c
cfn=(312) getrlimit
calls=1 +5 
* 12
* 2
+1 3
+4 3
+7 2
+8 2
fi=(148) ./elf/../nptl/nptl-stack.h
+8 1
fi=(87)
-16 1
+9 1
-8 1
+6 1
fi=(148)
+9 1
fi=(87)
-9 1
fi=(148)
+9 2
fi=(87)
-15 1
+2 2
+4 3
+1 1
+3 1
cfi=(88) ./nptl/./nptl/pthread_mutex_conf.c
cfn=(316) __pthread_tunables_init
calls=1 -1 
* 128
fe=(84)

fl=(97) ./misc/./misc/init-misc.c
fn=(358) __init_misc
31 1
-1 4
+1 2
+2 3
cfi=(98) ./string/../sysdeps/aarch64/strrchr.S
cfn=(360) rindex
calls=1 +24 
* 42
+4 4
+1 5
+2 3

fl=(136) ./stdlib/./stdlib/cxa_thread_atexit_impl.c
fn=(518) __call_tls_dtors
148 3
+1 2
-1 1
+1 3
+16 4

fl=(95) ./misc/./misc/getauxval.c
fn=(354) getauxval
56 2
-26 2
+2 2
+32 1
-32 1
+32 1

fl=(115) ./stdio-common/./stdio-common/Xprintf_buffer_write.c
fn=(442) __printf_buffer_write
27 4
+1 4
+3 1
+2 3
cfn=(443) __printf_buffer_write'2
calls=1 * 
* 33

ob=(1)
fl=(36) ./string/./string/strdup.c
fn=(112) strdup
40 16
+1 4
cfi=(18) ./string/../sysdeps/aarch64/multiarch/../strlen.S
cfn=(48) strlen
calls=4 +9 
* 101
fi=(37) ./string/../include/rtld-malloc.h
+15 4
fe=(36)
-15 4
fi=(37)
+15 12
cfi=(24) ./elf/./elf/dl-minimal-malloc.c
cfn=(64) __minimal_malloc
calls=4 -20 
* 96
fe=(36)
-12 4
+3 8
+1 8
-1 4
cfi=(25) ./string/../sysdeps/aarch64/multiarch/../memcpy.S
cfn=(66) memcpy
calls=4 +25 
* 57

fl=(60) ./io/../sysdeps/unix/sysv/linux/stat64.c
fn=(194) stat
28 1
+1 2
-1 1
+2 1
-1 3
cfi=(61) ./io/../sysdeps/unix/sysv/linux/fstatat64.c
cfn=(196) fstatat
calls=1 146 
* 11

fl=(7) ./elf/./elf/dl-minimal.c
fn=(296) lookup_malloc_symbol
61 1
+3 2
-3 3
+3 6
-3 1
+2 1
+1 1
cfi=(72) ./elf/./elf/dl-lookup.c
cfn=(262) _dl_lookup_symbol_x
calls=1 772 
* 531
+28 1
-1 1
+1 4
cfn=(297) lookup_malloc_symbol'2
calls=1 -31 
* 1702

fn=(297)
61 3
+3 6
-3 9
+3 18
-3 3
+2 3
+1 3
cfi=(72)
cfn=(262)
calls=3 772 
* 1635
+29 2
-1 1
+1 3
cfn=(297)
calls=1 -32 
* 1143
* 1
+1 2
-1 1
+1 3
cfn=(297)
calls=1 -33 
* 555
+5 3
+2 1
+1 1
+1 4

fn=(12) __rtld_malloc_init_stubs
42 1
+1 2
-1 1
+1 2
+1 1
-1 1
+1 1
+1 1
+1 1
-1 1
+1 1
-1 1
+1 1
+1 2

fn=(104) strsep
239 2
+3 4
+2 2
+1 2
+4 2
-2 2
+4 2
cfn=(105) strsep'2
calls=1 +3 
* 197
+20 1

fn=(105)
251 26
cfn=(105)
calls=13 +3 
* 1287
+5 56
-2 84
-5 29
+18 1
+3 1

fn=(292) __rtld_malloc_init_real
76 1
fi=(79) ./elf/../sysdeps/generic/dl-hash.h
-32 1
+1 1
fe=(7)
+31 3
fi=(79)
-33 1
+1 1
-1 1
fe=(7)
+43 2
-10 1
+10 1
+1 1
fi=(79)
-39 1
-3 1
+3 1
+14 2
-17 1
+3 4
-3 4
+3 4
+14 8
-17 4
+22 1
fe=(7)
+24 5
fi=(79)
-19 1
fe=(7)
+17 1
+2 1
cfn=(296)
calls=1 -30 
* 2254
fi=(2)
2365 1
cfi=(81) ./elf/../sysdeps/nptl/dl-mutex.c
cfn=(300) __rtld_mutex_init
calls=1 30 
* 503
+6 1
+1 2
-1 2
+1 5
cfi=(70) ./elf/./elf/dl-reloc.c
cfn=(253) _dl_relocate_object'2
calls=1 207 
* 3177
fe=(7)

fl=(66) ./elf/./elf/dl-version.c
fn=(226) _dl_check_all_versions
392 3
+4 2
-2 5
cfn=(227) _dl_check_all_versions'2
calls=1 +3 
* 4491
fi=(2)
676 1
+4 3
fe=(66)

fn=(227)
397 1
+1 5
cfn=(228) _dl_check_map_versions
calls=1 155 
* 4485

fn=(228)
155 4
+15 2
+2 1
fi=(4) ./elf/../sysdeps/generic/ldsodefs.h
-93 6
fe=(66)
+93 2
+2 1
+1 1
+2 1
+3 1
-24 1
+24 1
-16 1
+16 1
+4 3
fi=(67) ./elf/../sysdeps/generic/_itoa.h
76 6
fe=(66)
+71 1
fi=(67)
-71 1
fe=(66)
+71 4
36 3
200 2
36 3
200 1
36 2
+1 2
-1 2
+2 9
cfi=(46) ./elf/./elf/dl-misc.c
cfn=(148) _dl_name_match_p
calls=3 +30 
* 218
* 4
208 1
+5 1
+5 2
-5 2
+5 1
-5 2
+5 1
-1 1
+1 1
-1 2
+1 10
+3 2
56 1
fi=(4)
+23 1
fe=(66)
-23 2
+8 3
+6 2

ob=(2)
fl=(115)
fn=(442)
fi=(112) ./stdio-common/./stdio-common/vfprintf-internal.c
655 2
+4 2
+4 12
+42 7
-63 1
+63 1
-71 1
-3 1
+3 5
+71 8
-7 1
-3 1
-2 1
+12 1
-6 2
-7 1
-1 1
-1 1
+15 1
-18 1
+18 1
-11 1
-9 1
+1 1
+19 2
-22 1
+1 1
+21 2
fi=(117) ./stdio-common/./stdio-common/vfprintf-process-arg.c
49 1
-1 1
+2 1
+2 1
+1 11
cfn=(446) __printf_buffer
calls=1 201 
* 792
fe=(115)

fn=(443)
27 16
+1 16
+3 4
+2 12
cfn=(443)
calls=4 * 
* 146
+3 5
fi=(149) ./stdio-common/../string/bits/string_fortified.h
-7 5
fe=(115)
+8 10
fi=(149)
-8 5
fe=(115)
+12 5
fi=(149)
-12 5
cfi=(116) ./string/../sysdeps/aarch64/multiarch/../memcpy.S
cfn=(444) __GI_memcpy
calls=5 +43 
* 84
fe=(115)

ob=(1)
fl=(66)
fn=(228)
86 1
+1 1
+2 2
+5 3
+14 6
+12 2
+4 1
-30 3
231 1
+3 1
-3 3
+3 1
110 1
+3 4
cfi=(26) ./string/../sysdeps/aarch64/strcmp.S
cfn=(74) strcmp
calls=1 -49 
* 39
* 1
224 5
+10 2
+9 2
+5 1
-50 1
cfn=(229) _dl_check_map_versions'2
calls=1 36 
* 803
397 1
+1 5
cfn=(229)
calls=1 155 
* 3271
-2 1
+2 2
-1 1
-1 1

fn=(229)
155 16
+15 8
+2 4
fi=(4)
-93 24
fe=(66)
+93 8
+2 4
+1 4
+2 4
+3 2
-24 2
+24 2
-16 2
+16 2
+4 6
fi=(67)
76 12
fe=(66)
+71 2
fi=(67)
-71 2
fe=(66)
+71 8
36 6
200 4
36 6
200 2
36 10
200 4
36 6
200 2
36 4
+1 14
-1 14
+2 54
cfi=(46)
cfn=(148)
calls=18 +30 
* 1224
* 22
208 4
+5 4
+5 8
-5 8
+5 4
-5 8
+5 4
-1 4
+1 4
-1 8
+1 7
-1 3
+1 3
-1 6
+1 21
+3 4
56 2
fi=(4)
+23 2
fe=(66)
-23 4
218 15
+3 10
56 5
fi=(4)
+23 5
fe=(66)
-23 10
+8 21
+6 14
+16 7
+1 7
+2 14
+5 21
+14 153
+12 88
+4 44
-30 132
231 7
+3 7
-3 21
+3 7
+5 3
-24 3
cfn=(229)
calls=3 +3 
* 1652
110 7
+3 28
cfi=(26)
cfn=(74)
calls=7 -49 
* 366
* 7
224 35
+10 8
+9 8
+5 1
-50 1
cfn=(229)
calls=1 36 
* 1177
-42 2
+8 2
+93 3
cfn=(229)
calls=1 368 
* 8
* 15
+3 12
cfn=(229)
calls=3 +3 
* 1203
+10 38
-7 38
+3 38
-3 114
+3 38
-3 3
+3 3
-3 9
+3 3
+8 3
fi=(23) ./elf/../include/rtld-malloc.h
44 20
fe=(66)
280 4
fi=(23)
44 4
cfi=(24)
cfn=(62) __minimal_calloc
calls=4 +36 
* 152
fe=(66)
279 4
+2 4
fi=(23)
44 4
fe=(66)
281 4
+13 4
fi=(4)
79 4
fe=(66)
294 4
-3 4
+3 8
+2 4
+3 3
+11 3
-11 9
+4 9
cfn=(229)
calls=3 +3 
* 726
* 6
cfn=(229)
calls=2 +3 
* 304
+18 3
-15 6
+2 6
-2 10
+2 10
+2 8
+2 8
-2 8
+1 8
-1 8
+3 8
-1 8
+1 8
-2 8
+1 8
+1 8
+3 16
+8 10
+5 2
-28 2
cfn=(229)
calls=2 +2 
* 310
+33 3
+3 3
+11 3
-11 6
cfn=(229)
calls=3 +6 
* 617
+20 38
-14 82
+4 38
-6 38
+7 76
+1 38
-1 38
+1 38
-1 38
+1 38
+1 38
+3 82
+12 3
+1 6
+1 6
+1 20
+19 20
274 1
+60 1
-40 2
cfn=(229)
calls=1 +43 
* 77
397 3
+1 15
cfn=(229)
calls=3 155 
* 4931
-2 4
+2 8
-1 4
-1 5
+5 4

fl=(6) ./elf/../sysdeps/aarch64/dl-machine.h
fn=(254) _dl_relocate_object
fi=(5) ./elf/./elf/do-rel.h
133 3
+3 3
-3 3
fe=(6)
+42 3
fi=(5)
-40 3
-1 3
-1 3
+3 3
-2 6
-1 3
+3 3
fe=(6)
+41 6
+2 3
fi=(70)
-9 9
fi=(4)
-30 9
fi=(70)
+31 6
+3 23
+12 2
fi=(4)
79 1
fi=(70)
186 2
-2 1
-1 1
+3 3
+1 1
+1 2
-1 2
+3 6
cfi=(72)
cfn=(263) _dl_lookup_symbol_x'2
calls=1 772 
* 11472
fe=(6)
-2 3
+3 1
-3 3
+5 1
-5 1
+5 2
-5 1
+5 3
+3 11
+12 9
fi=(5)
-58 9
-19 9
+19 4
cfi=(70)
cfn=(253)
calls=1 +36 
* 4963
fi=(70)
+25 4
fe=(6)
-72 2
fi=(5)
+79 2
fe=(6)
-7 1
fi=(5)
+8 1
-1 3
fe=(6)
-5 2
+2 1
fi=(70)
-9 3
fi=(4)
-30 3
fi=(70)
+31 2
+3 8
fe=(6)
+34 3
fi=(5)
-12 3
-16 3
+16 4
cfi=(70)
cfn=(253)
calls=1 -10 
* 2066
fi=(70)
-21 3
cfn=(253)
calls=1 +2 
* 37508
fe=(6)

fn=(255) _dl_relocate_object'2
fi=(5)
133 12
+3 12
-3 12
fe=(6)
+42 12
fi=(5)
-40 12
-1 12
-1 12
+3 12
-2 24
-1 12
+3 12
fe=(6)
+41 24
+2 12
fi=(70)
-9 36
fi=(4)
-30 36
fi=(70)
+31 24
+3 84
+12 8
fi=(4)
79 4
fi=(70)
186 8
-2 4
-1 4
+3 12
+1 4
+1 8
-1 8
+3 24
cfi=(72)
cfn=(263)
calls=4 772 
* 13002
fe=(6)
-2 18
+3 6
-3 18
+5 6
-5 6
+5 12
-5 6
+5 18
+3 66
+12 36
fi=(5)
-58 36
-19 36
+20 6
-1 24
cfi=(70)
cfn=(253)
calls=6 +36 
* 119525
fi=(70)
+25 8
fe=(6)
-72 4
fi=(5)
+79 4
fe=(6)
-7 2
fi=(5)
+8 2
-1 6
fe=(6)
-5 4
+2 2
fi=(70)
-9 6
fi=(4)
-30 6
fi=(70)
+31 4
+3 16
fe=(6)
+34 9
fi=(5)
-12 9
-16 10
cfn=(258) _dl_relocate_object
calls=1 -49 
* 139
+16 8
cfi=(70)
cfn=(253)
calls=2 -10 
* 2130
fi=(70)
-21 6
cfn=(253)
calls=2 +2 
* 52109
fe=(6)

fl=(58) ./io/../sysdeps/unix/sysv/linux/access.c
fn=(184) access
25 2
+4 1
-4 1
+4 7
+2 2
-2 1
+2 1

fl=(21) ./elf/./elf/dl-environ.c
fn=(56) _dl_next_ld_env_entry
28 9
+1 3
+3 7
cfn=(57) _dl_next_ld_env_entry'2
calls=1 +17 
* 2
* 122
+2 189
+1 27
+2 2
+3 4
+9 4
fi=(2)
2602 1
2727 5
1373 2
+1 2
-1 1
+1 1
-1 2
+1 2
1637 9
cfi=(22) ./elf/./elf/dl-object.c
cfn=(58) _dl_new_object
calls=1 59 
* 107099
fe=(21)

fn=(57)
49 2

fl=(4)
fn=(256) _dl_relocate_object
79 1
fi=(70)
301 2
fe=(4)
79 1
fi=(70)
301 43
-80 1
-38 1
fi=(5)
-69 1
fi=(70)
+69 2
+7 1
+31 1
-38 2
+38 1
fi=(6)
+33 3
fi=(5)
53 2
-3 1
-1 1
+4 1
fi=(70)
301 1
fi=(5)
49 1
+4 1
-3 1
-1 1
+4 1
+27 1
+34 2
+9 3
fi=(6)
303 1
fi=(5)
123 1
fi=(6)
303 3
fi=(5)
123 2
fi=(6)
303 2
fi=(5)
123 2
fi=(6)
303 6
fi=(5)
123 4
+3 2
+54 2
fi=(6)
+74 3
fi=(71) ./elf/../sysdeps/aarch64/dl-irel.h
37 1
+1 9
fi=(5)
182 2
fi=(6)
-7 1
fi=(5)
+8 1
-1 3
fi=(6)
-5 2
+2 1
fi=(70)
-9 3
fe=(4)
-30 3
fi=(70)
+31 2
+3 8
fi=(5)
+22 4
cfi=(70)
cfn=(253)
calls=1 -10 
* 3091
fe=(4)

fn=(270) do_lookup_x
139 224
+1 112
fi=(72)
476 224
fi=(74) ./elf/../sysdeps/generic/dl-protected.h
29 336
fi=(72)
483 856
+16 112
+1 112
+1 112
+21 896
-35 30
fe=(4)

fl=(26)
fn=(74)
64 265
+3 265
+1 265
+1 265
+1 265
+1 265
+1 110
+5 9
+1 9
+7 9
+1 9
+2 9
+1 9
+1 9
-13 8
+1 8
+7 8
+1 8
+2 8
+1 8
+1 8
+4 9
+1 9
+3 9
+1 9
+1 9
+2 9
+5 9
+1 9
+3 9
+1 9
+1 9
-15 37
+1 37
+1 37
+2 37
+5 37
+1 37
+3 37
+1 37
+1 37
+8 92
+1 92
+1 92
+1 92
+1 92
+1 92
+1 92
+1 92
+1 92
cfn=(75) strcmp'2
calls=92 -44 
* 2158
+5 164
+2 358
+1 358
+1 358
+1 358
+1 358
+1 279
+1 279
+3 85
+1 85
+1 85
+4 85
+1 85
+1 85
+1 85
+1 85
+1 85
+2 150
+5 75
+1 75
+4 75
+1 75
+1 75
+1 75
+1 75
+1 75
-10 30
+1 30
+4 30
+1 30
+1 30
+1 30
+1 30
+1 30
+2 75
+4 75
+1 75
+1 75
+2 48
+1 48
+1 48
+1 48
+5 48
+1 48
+1 48
cfn=(75)
calls=48 -95 
* 432
+3 79
+1 79

fn=(75)
77 98
+1 98
+7 98
+1 98
+2 98
+1 98
+1 98
-5 92
+1 92
+2 92
+1 92
+1 92
+4 92
+1 92
+3 92
+1 92
+1 92
+2 92
+5 92
+1 92
+3 92
+1 92
+1 92
-15 48
+1 48
+1 48
+2 48
+5 48
+1 48
+3 48
+1 48
+1 48

fl=(15) ./elf/../sysdeps/unix/sysv/linux/brk.c
fn=(34) brk
36 2
fi=(150) ./elf/../sysdeps/unix/sysv/linux/brk_call.h
-12 1
fe=(15)
+12 1
fi=(150)
-12 1
fe=(15)
+13 2
+1 2
+6 1
+1 2

fl=(3) ./elf/./get-dynamic-info.h
fn=(76) dl_main
49 28
+3 1
-1 2
+17 14
-23 28
+9 3
+1 2
cfn=(77) dl_main'2
calls=1 +13 
* 106266

fn=(77)
49 8
+3 4
-1 8
+17 5
-23 10
+27 2
fi=(4)
+7 1
fe=(3)
-7 1
+12 2
+1 5
+1 5
+1 5
+1 2
+1 5
+1 5
+1 5
+12 1
+7 1
-7 5
+7 1
+5 3
+7 2
+1 4
+6 2
+18 2
+5 2
+2 1
+2 1
+2 1
+1 1
+3 2
+2 3
+1 1
+9 2
+6 1
+1 2
+3 2
fi=(2)
1698 2
+7 3
cfi=(8) ./elf/./elf/dl-setup_hash.c
cfn=(14) _dl_setup_hash
calls=1 28 
* 24
* 1
+3 3
fi=(27) ./elf/./setup-vdso.h
24 3
fe=(3)
+30 12
+1 8
cfn=(77)
calls=4 +13 
* 424934

ob=(2)
fl=(115)
fn=(443)
40 5
-9 5
+9 10
-9 5
+2 15
+2 5
+9 15
fi=(112)
705 8
-7 1
-3 1
-2 1
+12 1
-6 2
-7 1
-1 1
-1 1
+15 1
-18 1
+18 1
-11 1
-9 1
+1 1
+19 2
-22 1
+1 1
+21 2
1031 13
cfn=(439) __printf_buffer'2
calls=1 +13 
* 12
fi=(117)
240 2
cfi=(112)
cfn=(439)
calls=2 1024 
* 674
fi=(112)
878 13
-1 1
-1 1
+2 4
-7 13
-1 1
+1 4
fi=(117)
49 1
-1 1
+1 10
cfn=(447) __printf_buffer'2
calls=1 * 
* 415
fe=(115)

fl=(130) ./misc/../sysdeps/unix/sysv/linux/brk.c
fn=(492) brk
36 4
fi=(151) ./misc/../sysdeps/unix/sysv/linux/brk_call.h
-12 2
fe=(130)
+12 2
fi=(151)
-12 2
fe=(130)
+13 6
+1 4
+6 2
+1 4

fl=(98)
fn=(360)
57 1
+2 1
+1 1
+1 1
+1 1
+1 1
+1 1
+1 1
+1 1
+1 1
+1 1
+1 1
+1 1
+1 1
+1 1
+1 1
+46 1
+1 1
+3 1
+1 1
+1 1
+1 1
+1 1
+1 1
+1 1
+1 1
+1 1
+1 1
+1 1
+2 1
+1 1
+1 1
+1 1
+1 1
+1 1
+1 1
+1 1
+1 1
+1 1
+1 1
+1 1
+1 1

fl=(105) ./csu/../sysdeps/nptl/libc_start_call_main.h
fn=(408) (below main)
29 11
+15 2
cfi=(106) ./setjmp/../sysdeps/aarch64/setjmp.S
cfn=(410) _setjmp
calls=1 -14 
* 35
+2 1
+2 1
+7 1
-4 1
+4 1
+3 2
-7 1
+4 1
+3 3
-6 1
+6 1
-7 1
+7 1
cob=(6) /home/thed/Documents/prof/bin/script_c
cfi=(108) /home/thed/Documents/prof/src/script.c
cfn=(416) main
calls=1 -32 
* 1210539811

fl=(124) ./io/../sysdeps/unix/sysv/linux/fstat64.c
fn=(468) fstat
30 1
+9 2
-9 1
+9 3
+33 2

fl=(123) ./libio/./libio/filedoalloc.c
fn=(464) _IO_file_doallocate
78 7
+6 1
-6 3
+6 2
fi=(132) ./libio/./libio/libioP.h
1025 3
+1 2
fe=(123)
84 4
cfi=(121) ./libio/./libio/fileops.c
cfn=(466) _IO_file_stat
calls=1 1147 
* 14
* 1
+2 4
+5 1
fi=(152) ./libio/../include/sys/sysmacros.h
-44 2
fe=(123)
+44 1
-2 2
+5 1
+3 1
-3 2
+3 5
cfn=(465) _IO_file_doallocate'2
calls=1 +1 
* 1711
fi=(122) ./libio/./libio/genops.c
347 2
+3 4
fe=(123)

fn=(465)
98 1
+3 2
cfi=(125) ./malloc/./malloc/malloc.c
cfn=(472) malloc
calls=1 3294 
* 1704
* 4

fl=(118) ./stdio-common/./stdio-common/_itoa.c
fn=(448) _itoa_word
169 2
+3 4
-3 2
+3 6
-3 4
+3 2
+2 4
+9 244
+9 4

fl=(125)
fn=(494) alloc_perturb
1984 2
+1 2
-1 2
+1 4
+2 4

fn=(486) sysmalloc
2532 5
+20 2
-20 9
+20 1
+11 1
+1 4
-11 3
+35 2
+1 2
+1 1
+9 2
+6 3
+3 4
+61 1
+8 1
-8 1
+9 1
+13 1
-22 2
+9 2
+13 1
+8 5
+8 2
+2 3
cfi=(128) ./malloc/./malloc/morecore.c
cfn=(488) __glibc_morecore
calls=1 26 
* 200
4481 1
+1 1
+1 2
cfn=(485) _int_malloc'2
calls=1 * 
* 17

fn=(487) sysmalloc'2
2921 3
+1 1
+5 2
+3 2
+5 1
-2 1
+2 1
-3 1
+3 1
+1 1
+2 1
-3 1
-1 1
+1 2
+3 2
-2 1
+8 13
2755 6
+34 1
+6 2
+22 1
+1 1
-1 1
+1 6
+2 1
+1 3
cfi=(128)
cfn=(489) __glibc_morecore'2
calls=1 26 
* 29
+12 1
-12 1
+12 1
2008 7
cfn=(487)
calls=1 2875 
* 45
2746 1
+6 2
-6 3
+6 1
2875 1
+1 3
+1 1
-2 1
+1 1
+1 2
+11 1
2695 1
+88 2
cfn=(487)
calls=1 +34 
* 97

fn=(472)
fi=(123)
104 4
cfi=(122)
cfn=(498) _IO_setb
calls=1 329 
* 21
+1 1
+1 11
-5 1
+1 1
fe=(125)
3294 3
+7 2
-7 2
+7 1
-7 1
+7 1
fi=(126) ./malloc/./malloc/arena.c
264 1
cfn=(476) ptmalloc_init.part.0
calls=1 -2 
* 1654
fe=(125)

fn=(482) tcache_init.part.0
3242 3
+9 3
-9 1
+9 6
cfi=(94)
cfn=(386)
calls=1 0 
* 6
* 1
+1 3
cfn=(484) _int_malloc
calls=1 3846 
* 407
fi=(131) ./string/../sysdeps/aarch64/nptl/../memset.S
32 1
+5 1
+1 1
+2 1
+1 1
+43 1
+1 1
+1 1
+1 1
+1 1
+1 1
+2 1
+1 1
+1 1
+1 1
+1 1
+2 1
+1 1
-4 8
+1 8
+2 8
+1 8
+1 1
+1 1
+1 2
+5 1
+1 1
fe=(125)

fn=(484)
3846 6
1326 2
+10 20
+9 8
3887 2
1794 2
3914 4
+63 4
+62 5
+1 3
+20 3
-1 1
-1 1
+2 1
-1 1
+1 4
-2 2
+12 5
4257 2
+2 3
+3 4
+69 1
+3 1
-4 1
+1 2
+2 1
-1 1
+1 1
-2 2
+3 1
-1 1
+6 4
cfn=(485)
calls=1 3934 
* 55
4070 1
-91 4
cfn=(485)
calls=1 +1 
* 356
3252 1
+1 1
+8 3
cfi=(94)
cfn=(390)
calls=1 0 
* 6
* 2
+9 1
fi=(153) ./malloc/../string/bits/string_fortified.h
59 3
fe=(125)
3270 1
+4 3
fi=(153)
59 1
fe=(125)
3354 6
1461 1
3328 1
1461 2
3329 1
461 1
3329 1
461 2
3329 2
fi=(126)
153 2
fe=(125)

fn=(485)
4060 3
-1 1
-1 1
+2 1
-1 1
+1 2
+10 5
-90 2
+2 3
4487 8
4081 2
cfn=(485)
calls=1 -21 
* 349
4257 2
+74 1
+3 1
-4 1
+1 2
+2 1
-1 1
+1 1
-2 2
+3 1
-1 1
+6 4
cfn=(485)
calls=1 3934 
* 317
3934 8
cfn=(485)
calls=2 4343 
* 364
4346 12
-3 15
4443 2
+3 2
-2 4
+2 4
+3 6
+17 4
-12 3
-2 1
+2 1
-3 1
+2 1
+6 1
-5 1
+2 1
-2 2
+6 1
-4 1
+4 1
+23 1
cfn=(494)
calls=1 1984 
* 7
* 1
cfn=(494)
calls=1 1984 
* 7
* 10
cfn=(485)
calls=2 +4 
* 8
-2 3
cfn=(486)
calls=1 2532 
* 280

fl=(116)
fn=(444)
72 5
+5 5
+1 5
+1 5
+1 5
+1 5
+1 5
+3 5
+1 5
+1 2
+1 2
+1 2
+1 2
+1 2
+4 3
+9 3
+1 1
+1 1
+1 1
+1 1
+1 1
+4 2
+1 2
+1 2
+1 2
+1 2
+1 2
+1 2
+1 2
+2 2

fl=(76) ./string/../sysdeps/aarch64/multiarch/strlen.c
fn=(276) strlen
34 13

fl=(139) ./nptl/./nptl/pthread_mutex_unlock.c
fn=(526) __pthread_mutex_unlock_usercnt
fi=(137) ./elf/./elf/dl-fini.c
108 3
cob=(1)
cfn=(521) _dl_fini'2
calls=1 +2 
* 1309
fe=(139)
-57 4
+1 2
-4 5
+9 1
+17 2
+6 4
+4 6
+3 5
cfn=(527) __pthread_mutex_unlock_usercnt'2
calls=1 -25 
* 18

fn=(527)
62 1
+1 1
-24 1
+1 5
+1 1
+29 1
+2 1
+32 3
-39 4
cfn=(527)
calls=1 -26 
* 12

fn=(524) pthread_mutex_unlock@@GLIBC_2.17
367 1
+1 1
-1 1
+2 1
-1 1
cfn=(526)
calls=1 51 
* 1359

fl=(106)
fn=(410)
30 1
+1 1
+1 1
cfn=(412) __sigsetjmp
calls=1 +8 
* 32

fn=(412)
40 1
+1 1
+1 1
+1 1
+1 1
+3 4
+1 1
+7 1
+1 1
+1 1
+1 1
+1 1
+2 1
+1 4
+1 1
+10 1
cfi=(107) ./setjmp/./setjmp/sigjmp.c
cfn=(414) __sigjmp_save
calls=1 -45 
* 10

fl=(104) ./stdlib/./stdlib/cxa_atexit.c
fn=(382) __cxa_atexit
67 1
+1 2
-1 1
+2 1
-1 1
cfn=(384) __internal_atexit
calls=1 -32 
* 1210540043

fn=(384)
fi=(103) ./csu/../csu/libc-start.c
337 5
+6 3
-3 1
128 3
+6 2
+1 7
cob=(3) ???
cfi=(89) ???
cfn=(392) 0x0000000000108620
calls=1 0 
* 10
+3 1
+1 1
+3 1
+1 1
-1 1
+1 1
-1 1
+1 1
+1 5
cfn=(381) __libc_start_main@@GLIBC_2.34'2
calls=1 +1 
* 1210539918
fe=(104)
36 4
+5 1
+2 9
cfi=(94)
cfn=(386)
calls=1 -43 
* 6
* 1
+1 2
cfn=(388) __new_exitfn
calls=1 +36 
* 58

fn=(388)
80 1
+6 1
-6 3
+6 2
+5 1
-10 1
+10 3
+2 1
+1 1
-1 1
-2 1
+10 1
-10 2
+32 1
-1 1
+1 1
+11 1
cfn=(389) __new_exitfn'2
calls=1 +3 
* 9
-90 1
+2 1
+6 2
+4 1
+1 2
-2 1
-3 1
+5 1
-5 1
+1 1
+4 1
cfi=(94)
cfn=(390)
calls=1 -57 
* 6
* 2
+1 1
+1 4

fn=(389)
137 1
-1 2
+1 1
+4 1
-4 1
+4 1
-4 1
+4 1

fl=(94)
fn=(386)
0 60

fn=(390)
0 60

fn=(350) init_have_lse_atomics
fi=(90) ./elf/./elf/dl-init.c
73 2
+1 10
cfi=(99) ./libio/./libio/vtables.c
cfn=(362) check_stdfiles_vtables
calls=1 546 
* 31
cfi=(96) ./csu/./csu/init-first.c
cfn=(356) _init_first
calls=1 -28 
* 92
-1 6
fe=(94)
-73 5
cfi=(95)
cfn=(354)
calls=1 56 
0 9
0 10

fl=(138) ./nptl/./nptl/pthread_mutex_lock.c
fn=(522) pthread_mutex_lock@@GLIBC_2.17
fi=(137)
51 1
+3 1
+2 5
+5 1
+2 1
-2 1
+2 2
cob=(1)
cfi=(42)
cfn=(322)
calls=1 -18 
* 14
+5 12
+5 1
-5 1
+5 2
+2 15
+2 10
+8 5
-6 5
+6 10
-5 5
+1 5
-8 10
+14 5
+1 5
+6 4
cob=(1)
cfi=(14) ./elf/./elf/dl-sort-maps.c
cfn=(218) _dl_sort_maps
calls=1 298 
* 372
+9 3
cfi=(139)
cfn=(524)
calls=1 367 
* 1364
fe=(138)

ob=(1)
fl=(3)
fn=(77)
fi=(28) ./elf/../sysdeps/unix/sysv/linux/dl-vdso.h
40 2
+1 1
fi=(29) ./elf/../sysdeps/unix/sysv/linux/dl-vdso-setup.h
-11 5
+3 2
fi=(28)
+22 2
cfi=(29)
cfn=(84) dl_main
calls=1 -10 
* 106085
fe=(3)

fn=(4) _dl_start
49 24
+3 1
-1 2
+17 12
-23 24
+9 3
+1 2
cfn=(5) _dl_start'2
calls=1 +13 
* 139800

fn=(5)
49 10
+3 4
-1 8
+17 6
-23 12
fi=(4)
+34 2
fe=(3)
+31 1
-38 2
+12 2
+1 6
+1 6
+1 6
+1 3
+1 6
+1 6
+1 6
+12 5
+7 1
+5 3
+7 2
+1 5
+6 2
+4 3
+1 2
+5 5
+3 6
fi=(2)
563 6
fi=(4)
79 1
fi=(2)
563 1
fi=(4)
79 1
fi=(2)
563 1
fi=(4)
79 1
fi=(2)
563 34
fe=(3)
54 12
+1 8
cfn=(5)
calls=4 +13 
* 559055
fi=(2)
563 3
cfi=(5)
cfn=(8) _dl_start
calls=1 53 
* 139609
fe=(3)
103 3
cfn=(5)
calls=1 +7 
* 139686

fl=(31) ./elf/./elf/dl-hwcaps.c
fn=(88) _dl_important_hwcaps
fi=(30) ./elf/./elf/dl-load.c
720 2
fi=(23)
56 3
cfi=(24)
cfn=(64)
calls=1 -20 
* 24
fi=(30)
725 1
+2 1
+8 2
-1 2
+1 2
fi=(23)
56 1
fi=(30)
734 2
+5 1
fi=(23)
56 2
cfi=(24)
cfn=(64)
calls=1 -20 
* 24
fi=(30)
739 1
+2 3
+26 1
-19 2
+13 2
-14 1
+23 2
-22 2
+20 1
-5 1
+7 1
-14 1
+2 2
+1 1
+2 1
+7 1
-6 2
+5 1
+1 4
cfi=(10) ./string/../sysdeps/aarch64/nptl/../memset.S
cfn=(22) memset
calls=1 32 
* 13
+2 3
-8 1
+8 1
-14 1
+7 1
-4 1
+4 1
-1 1
+4 5
cfn=(87) _dl_init_paths'2
calls=1 +1 
* 834
fe=(31)
172 4
+3 1
-3 1
+3 2
-3 5
+2 1
cfi=(32) ./elf/./elf/dl-hwcaps-subdirs.c
cfn=(90) _dl_hwcaps_subdirs_active
calls=1 27 
* 5
* 1
fi=(34) ./elf/./dl-hwcaps.h
-97 1
-32 1
+33 1
-1 1
+2 1
cfi=(31)
cfn=(89) _dl_important_hwcaps'2
calls=1 -27 
* 318
fe=(31)

fn=(89)
52 2
cfi=(33) ./elf/./elf/dl-hwcaps_split.c
cfn=(92) _dl_hwcaps_split_masked
calls=1 -1 
* 22
* 1
fi=(34)
-9 2
+2 1
+33 2
-1 2
+2 1
cfi=(31)
cfn=(89)
calls=1 -27 
* 285
fe=(31)
-27 2
cfi=(33)
cfn=(92)
calls=1 -1 
* 29
* 1
fi=(23)
+4 1
fe=(31)
+44 3
fi=(23)
-44 2
cfi=(24)
cfn=(64)
calls=1 -20 
* 24
fe=(31)
+44 2
+2 1
fi=(34)
-59 1
fe=(31)
+65 1
-3 1
fi=(34)
-60 1
+1 1
cfi=(31)
cfn=(89)
calls=1 +66 
* 215
fe=(31)
+66 2
cfi=(33)
cfn=(94) _dl_hwcaps_split
calls=1 -87 
* 10
* 1
fi=(34)
-69 2
+2 1
+33 2
-1 2
+2 1
cfi=(31)
cfn=(89)
calls=1 +46 
* 194
fe=(31)
+46 2
cfi=(33)
cfn=(92)
calls=1 -74 
* 29
* 1
+8 2
+9 6
fi=(23)
-86 1
fe=(31)
189 1
-4 1
fi=(23)
56 1
fe=(31)
186 2
+3 2
+4 1
-7 1
+7 1
fi=(23)
56 2
cfi=(24)
cfn=(64)
calls=1 -20 
* 24
* 1
fe=(31)
194 1
+8 1
+1 2
-1 1
+1 1
-1 2
+1 1
cfn=(100) copy_hwcaps
calls=1 74 
* 107

fn=(100)
74 3
+6 1
-6 1
+6 1
-6 2
+10 1
fi=(34)
-39 1
+33 1
-1 1
+2 1
cfi=(31)
cfn=(101) copy_hwcaps'2
calls=1 -2 
* 29
fe=(31)
204 6
cfn=(101)
calls=1 74 
* 59

fn=(101)
74 3
+6 1
-6 1
+6 1
-6 2
+10 1
fi=(34)
-39 1
+33 1
-1 1
+2 1
cfi=(31)
cfn=(101)
calls=1 -2 
* 36
fe=(31)
-2 4
cfi=(33)
cfn=(92)
calls=2 -26 
* 51
* 2
+13 8
208 1
+8 3
-7 1
+4 2
+3 3

fl=(77) ./elf/./elf/dl-find_object.c
fn=(284) _dl_find_object_init
561 1
+3 1
-3 1
+3 1
-3 2
+5 2
+7 4
+7 1
fi=(23)
56 1
fe=(77)
579 1
cfn=(286) _dlfo_process_initial
calls=1 474 
* 972
fi=(2)
2362 3
cfi=(7)
cfn=(292)
calls=1 76 
* 5998
fe=(77)

fn=(285) _dl_find_object_init'2
604 4

fn=(286)
474 1
+1 1
+2 1
-3 1
+1 1
+3 3
+3 4
cfi=(78) ./elf/./dl-find_object.h
cfn=(288) _dl_find_object_from_map
calls=1 94 
* 218
+98 1
+1 1
fi=(23)
56 3
cfi=(24)
cfn=(64)
calls=1 -20 
* 24
fe=(77)
580 1
fi=(23)
56 1
fe=(77)
582 1
+3 1
+5 1
+1 1
cfn=(287) _dlfo_process_initial'2
calls=1 474 
* 707

fn=(287)
474 1
+1 1
+2 1
-3 1
+1 1
+3 3
+26 12
+17 4
-16 4
+1 10
-1 10
+3 44
+3 32
-7 10
+25 2
+2 2
-2 2
+2 4
-18 16
+2 12
cfi=(78)
cfn=(289) _dl_find_object_from_map'2
calls=4 94 
* 738
+2 8
cfn=(287)
calls=4 -11 
* 138
-36 4
cfi=(78)
cfn=(288)
calls=1 94 
* 476
+6 54
+1 54
+5 4
+6 4
-6 4
-3 4
+3 2
+2 2
-2 2
+2 6
+2 8
cfn=(287)
calls=2 -10 
* 730
+97 2
+2 2
cfn=(290) _dlfo_sort_mappings
calls=1 -59 
* 205
+3 5
+2 1
cfn=(285)
calls=1 +3 
* 4

fn=(290)
537 2
-1 1
+4 4
-4 1
+8 1
+1 1
-1 1
+1 2
-1 4
+1 4
-1 4
+1 13
+1 10
+2 10
-3 5
+3 5
-3 10
+1 20
+2 20
-3 10
+3 10
-3 20
+8 5
+1 5
-1 5
+1 5
+1 5
-15 5
+13 5
-13 10
+17 2

fl=(30)
fn=(156) _dl_map_object_from_fd
944 18
+15 3
-15 27
+15 3
-15 6
+15 3
+77 9
+10 9
+7 18
cfi=(22)
cfn=(59) _dl_new_object'2
calls=3 59 
* 4608
fi=(49) ./elf/../sysdeps/posix/dl-fileid.h
37 12
cfi=(50) ./io/../sysdeps/unix/sysv/linux/fstat64.c
cfn=(160) fstat
calls=3 -7 
* 27
* 6
fe=(30)
989 12
fi=(49)
41 6
fe=(30)
989 24
+1 18
fi=(49)
49 36
fe=(30)
1008 3
2268 6
cfn=(147) _dl_map_object'2
calls=3 +2 
* 27

fn=(157) _dl_map_object_from_fd'2
1101 70
+26 24
+12 18
-3 6
+5 12
-5 6
+1 6
+2 6
-2 6
+2 6
-2 6
+1 6
+3 6
-6 6
+6 24
+2 24
+13 15
+1 6
+5 3
+1 3
-28 3
+27 3
+1 9
-1 3
-62 9
+62 3
+1 3
-28 3
+27 3
+1 9
-1 3
-62 54
+1 125
1213 6
1100 3
1214 6
1100 6
1218 9
+10 3
+1 3
-1 3
+1 3
-1 6
+1 3
-1 3
+1 3
-1 6
+7 9
+10 9
+7 12
fi=(53) ./elf/./dl-map-segments.h
28 3
fe=(30)
1252 6
fi=(53)
28 6
fe=(30)
1519 27
1121 2
+1 1
cfn=(157)
calls=1 -22 
* 678
-15 6
+9 3
-1 3
+1 9
-2 3
+2 3
-1 3
-1 3
+1 3
+1 6
cfn=(157)
calls=3 -16 
* 1217
+60 2
+4 1
+14 1
-13 2
+13 1
-80 1
+71 5
+1 1
+3 1
-3 1
+8 2
+15 3
+1 3
cfn=(157)
calls=3 1100 
* 1088
1471 2
+1 4
+5 2
cfi=(40) ./elf/./elf/dl-tls.c
cfn=(210) _dl_assign_tls_modid
calls=1 141 
* 14
+7 3
cfi=(22)
cfn=(70) _dl_add_to_namespace_list
calls=1 31 
* 63
+3 1
+4 2
cfi=(38)
cfn=(180)
calls=1 38 
* 10
* 1
+1 2
+18 2
+4 7
+1 3
cfi=(42)
cfn=(182) _dl_audit_objopen
calls=1 77 
* 11
* 1
cfn=(157)
calls=1 +4 
* 9
fi=(53)
36 9
+1 3
-1 3
+1 21
-1 3
+1 6
cfi=(51) ./misc/../sysdeps/unix/sysv/linux/mmap64.c
cfn=(162) mmap
calls=3 +10 
* 39
* 3
+4 6
+3 3
+1 6
-1 3
+1 3
-1 6
+1 9
-1 3
+1 3
cfi=(51)
cfn=(162)
calls=3 +2 
* 39
* 3
+4 21
+6 6
+1 21
cfi=(54) ./misc/../sysdeps/unix/syscall-template.S
cfn=(168) munmap
calls=3 +64 
* 18
* 18
cfn=(166) _dl_map_object_from_fd
calls=3 +3 
* 692
fe=(30)

fn=(190) cache_rpath
681 4
+1 6
+1 4
cfn=(191) cache_rpath'2
calls=2 +16 
* 4
2074 8
+1 14
cfn=(191)
calls=2 681 
* 7002
-17 4
+1 2
+14 16
+1 2

fn=(191)
681 8
+1 12
+17 12
-16 8
cfn=(191)
calls=4 +16 
* 8
2100 30
cfn=(192) open_path
calls=2 1812 
* 6932
+7 4
+8 2
+14 2
+2 6
+4 4
cfi=(62)
cfn=(198) _dl_load_cache_lookup
calls=2 403 
* 6372
-60 6
+9 2
+15 12
+1 2

fn=(108) _dl_dst_count
238 7
+3 7
-3 14
+7 7
-4 7
cfi=(35) ./string/../sysdeps/aarch64/strchr.S
cfn=(110) index
calls=7 54 
* 195
+3 7
+20 28

fn=(150) open_verify.constprop.0
1572 5
+32 5
-32 50
+32 10
+19 15
cfi=(47) ./io/../sysdeps/unix/sysv/linux/open64_nocancel.c
cfn=(152) __open_nocancel
calls=5 28 
* 103
* 5
+2 10
+9 3
-1 6
+6 3
-6 3
+1 3
+5 12
cfi=(48) ./io/../sysdeps/unix/sysv/linux/read_nocancel.c
cfn=(154) __read_nocancel
calls=3 25 
* 27
* 3
+2 6
+2 9
+2 6
+6 6
+17 45
+81 3
-81 3
+81 6
+5 9
+6 15
+6 9
+6 3
+1 3
-1 3
+1 9
+26 24
1609 4
cfn=(151) open_verify.constprop.0'2
calls=2 1799 
* 16
+59 6
1863 2
+2 4
+2 2
-24 4
+94 9
+6 3
-2 3
+2 1
+3 4
1822 2
cfn=(193) open_path'2
calls=1 1960 
* 9
+69 3
+2 2
-21 1
+1 8
+6 1
+2 2
-2 1
+2 1
cfi=(60)
cfn=(194)
calls=1 28 
* 19
+3 1
-3 1
+1 7
-39 2
cfn=(193)
calls=1 * 
* 34

fn=(151)
1799 16

fn=(86) _dl_init_paths
706 1
+14 1
-14 2
+14 1
-14 5
fi=(23)
56 1
fe=(30)
706 1
+14 5
cfi=(31)
cfn=(88)
calls=1 172 
* 1302
fi=(2)
1733 5
cfi=(38)
cfn=(120) _dl_debug_initialize
calls=1 56 
* 104753
fe=(30)

fn=(87)
767 3
+1 12
cfi=(10)
cfn=(22)
calls=3 32 
* 39
+2 8
-8 2
+8 2
-14 2
+7 2
-4 2
+4 2
-1 2
+4 10
cfn=(87)
calls=2 +1 
* 1569
+16 1
-6 1
+6 1
+3 2
-15 1
+15 1
-8 1
+8 1
-9 2
+11 4
+2 2
+36 4
+2 2
cfi=(18)
cfn=(48)
calls=1 50 
* 22
* 7
-19 1
-2 2
+2 1
+19 8
cfi=(25)
cfn=(66)
calls=1 72 
* 15
+5 1
-5 1
+5 2
-1 2
+2 1
-1 1
+1 1
+1 2
-2 1
+1 13
-1 13
+1 13
+1 26
-2 13
+5 2
fi=(23)
56 2
cfi=(24)
cfn=(64)
calls=1 -20 
* 24
fe=(30)
836 2
fi=(23)
56 1
fe=(30)
836 1
+2 1
+6 7
cfn=(102) fillin_rpath.isra.0
calls=1 468 
* 537
-22 2
cfn=(87)
calls=1 +3 
* 725

fn=(192)
1812 18
+1 4
-1 4
+7 2
+5 40
+70 6
1536 4
1824 6
-7 10
+10 6
+8 4
+7 6
-11 2
+11 2
cfi=(25)
cfn=(66)
calls=2 72 
* 30
* 2
+1 2
+50 2
-51 2
+51 4
-50 6
+3 6
+5 14
cfi=(25)
cfn=(66)
calls=2 72 
* 26
* 10
cfi=(25)
cfn=(66)
calls=2 72 
* 30
* 2
+9 2
-6 2
+6 2
+3 14
cfn=(150)
calls=2 1572 
* 232
2100 2
+6 6
+1 14
cfn=(191)
calls=2 681 
* 6408

fn=(193)
1843 3
1960 18
-23 9
+6 3
-2 3
+2 1
+3 4
1822 2
cfn=(193)
calls=1 1960 
* 9

fn=(106) expand_dynamic_string_token
385 12
+10 4
cfn=(108)
calls=2 238 
* 82
+3 2
+12 2
-11 2
+11 4
-11 2
cfi=(36)
cfn=(112)
calls=2 40 
* 154

fn=(146) _dl_map_object
fi=(59) ./elf/./elf/dl-deps.c
64 2
+5 6
fe=(30)
1967 48
+8 12
+1 42
+3 78
+5 90
+2 54
cfi=(46)
cfn=(148)
calls=18 68 
* 1317
* 18
+4 30
+1 30
+3 12
fi=(4)
79 6
fe=(30)
1995 6
-1 12
+1 12
+1 18
cfi=(26)
cfn=(74)
calls=6 64 
* 166
* 6
2270 27
2009 3
+2 6
-1 12
+9 3
-50 3
+50 6
+17 6
-2 3
+2 3
cfi=(35)
cfn=(110)
calls=3 54 
* 67
* 3
2202 1
-1 3
cfn=(106)
calls=1 385 
* 152
-1 1
+1 1
+6 1
-4 1
+4 8
cfn=(150)
calls=1 1572 
* 112
+3 1
-3 1
+3 2
+12 2
+45 1
+1 6
-1 1
+1 3
-1 1
+1 1
cfn=(156)
calls=1 944 
* 1548
2040 4
cfi=(18)
cfn=(48)
calls=2 50 
* 35
+2 2
-2 4
+2 2
+7 6
+4 2
+8 6
-2 2
+2 4
-7 4
+7 2
-7 18
cfn=(147)
calls=2 +5 
* 7078
fi=(2)
644 1
+2 3
fe=(30)

fn=(147)
2270 27
-3 2
+1 12
-1 2
+1 6
-1 2
+1 2
cfn=(156)
calls=2 944 
* 3333
2059 12
cfn=(190)
calls=2 681 
* 7066

fn=(102)
468 4
+4 1
-4 1
+41 3
-41 1
+64 2
-64 2
fi=(23)
50 1
fe=(30)
468 3
+6 3
cfi=(7)
cfn=(104)
calls=1 239 
* 208
* 2
+7 2
+2 3
cfn=(106)
calls=1 -98 
* 112
* 1
+4 1
+5 1
cfi=(18)
cfn=(48)
calls=1 50 
* 13
* 1
+1 1
+7 6
+5 1
-22 1
+22 3
cfn=(103) fillin_rpath.isra.0'2
calls=1 +4 
* 146
847 3
+6 3
+4 8

fn=(103)
474 3
cfi=(7)
cfn=(104)
calls=1 239 
* 6
* 2
+97 1
+3 7
-65 10
+1 12
+18 3
+4 1
fi=(23)
56 1
fe=(30)
532 1
fi=(23)
56 1
fe=(30)
532 3
fi=(23)
56 2
cfi=(24)
cfn=(64)
calls=1 -20 
* 24
* 1
fe=(30)
534 1
+5 1
+1 2
-1 2
-1 1
+2 1
cfi=(25)
cfn=(66)
calls=1 72 
* 15
* 1
+3 1
-2 1
+2 3
+6 2
+1 1
-1 2
+1 1
-1 1
+1 2
+1 1
-1 3
+3 2
+1 2
+7 2
-6 1
+7 1
+3 3
cfi=(23)
cfn=(116) fillin_rpath.isra.0
calls=1 50 
* 34

fl=(22)
fn=(70)
31 4
+2 4
-2 4
+2 4
-2 16
+2 12
cfi=(20) ./elf/../sysdeps/nptl/dl-tls_init_tp.c
cfn=(72) rtld_mutex_dummy
calls=4 +9 
* 20
+2 35
+3 27
+2 3
+2 3
+4 6
+4 6
-4 3
+1 3
-1 3
+5 3
-3 3
-2 3
+4 3
-4 6
+1 3
+3 3
+1 3
-3 3
+3 3
-1 3
cfi=(20)
cfn=(72)
calls=3 -8 
* 15
-5 2
cfn=(71) _dl_add_to_namespace_list'2
calls=1 +1 
* 19
fi=(20)
-3 1
+2 1
-2 1
+2 2
fe=(22)

fn=(71)
46 2
+4 2
-4 1
+1 1
-1 1
+5 1
-3 1
-2 1
+4 1
-4 2
+1 1
+3 1
+1 1
-3 1
+3 1
-1 1

fn=(58)
59 8
+3 1
-3 5
+3 2
+2 1
+2 1
+1 2
+4 4
+6 4
cfi=(23)
cfn=(60) _dl_new_object
calls=1 -33 
* 248
fi=(2)
1639 1
+2 1
+1 1
-2 1
+2 1
+4 1
-5 2
+5 1
cfi=(22)
cfn=(70)
calls=1 31 
* 50
+1 6
1115 1
1351 1
1116 1
+6 1
+2 1
-2 3
+21 1
-21 1
+2 1
+19 1
-21 1
+3 1
-1 1
+1 2
+18 2
+57 1
-37 1
-19 1
+19 1
-19 1
+19 1
+37 1
-56 1
+99 1
-43 1
-57 2
1243 1
1118 1
+22 1
+4 3
+4 3
+1 1
cfn=(53) dl_main'2
calls=1 -6 
* 106717
fe=(22)

fn=(59)
fi=(30)
1053 3
+1 3
+11 3
+2 3
+2 3
-3 3
+4 3
-4 3
+4 3
-1 3
-4 3
+2 3
+3 9
+1 6
+19 6
-2 6
+2 36
+10 3
-10 3
+10 9
+27 3
-26 3
+62 3
-62 3
-1 3
+1 3
+26 3
-33 3
-1 3
-1 3
+35 3
+9 3
-45 3
-5 3
+77 9
cfn=(157)
calls=3 -62 
* 1613
1269 9
fi=(56) ./elf/./elf/get-dynamic-info.h
39 3
+6 3
-2 3
+2 3
+7 3
+2 3
-2 3
+3 3
-2 6
-4 44
+3 3
-1 6
+17 19
-23 38
+9 9
+2 12
+3 15
+3 12
+2 9
cfn=(174) _dl_map_object_from_fd
calls=3 +4 
* 1536
fe=(22)
-5 24
+3 3
-3 15
+3 6
+18 3
+3 3
-3 3
+3 3
cfi=(18)
cfn=(48)
calls=3 -33 
* 67
* 9
+4 3
+5 6
fi=(23)
-48 12
cfi=(24)
cfn=(62)
calls=3 +36 
* 203
* 3
fe=(22)
+51 3
+5 3
-2 3
+6 3
-4 3
+3 3
-1 3
-3 3
+5 6
-2 3
+2 3
cfi=(25)
cfn=(66)
calls=3 -32 
* 44
* 3
+2 9
+13 6
+8 3
+3 6
-3 6
+3 6
+6 4
-4 4
+7 9
fi=(4)
1322 1
+2 2
fe=(22)
139 2
+2 1
-2 2
fi=(4)
1324 30
fe=(22)
139 30
+2 15
-2 30
+16 12
-6 4
+6 4
-5 4
+5 4
-5 4
-1 4
+6 4
+2 6
+3 3
-3 6
+7 9
+4 6
+8 1
+3 2
+10 2
-10 6
+10 6
+2 6
cfi=(18)
cfn=(48)
calls=3 50 
* 88
* 6
+4 6
+50 9
cfi=(25)
cfn=(66)
calls=3 72 
* 42
* 3
+5 3
+1 9
-1 50
+1 150
+4 6
+1 3
+3 3
+4 32
131 9
cfn=(59)
calls=3 +5 
* 591
-8 3
-4 3
+34 1
+7 3
cfn=(59)
calls=1 +16 
* 13
+8 12
fi=(23)
56 12
cfi=(24)
cfn=(64)
calls=3 -20 
* 72
* 3
fe=(22)
200 3

fl=(51)
fn=(162)
47 26
+3 26
+8 91
+2 26

fl=(65) ./malloc/./malloc/scratch_buffer_set_array_size.c
fn=(214) __libc_scratch_buffer_set_array_size
30 3
+4 3
-4 6
+5 3
-4 3
-1 3
+5 6
+10 9
+1 3
+17 9

fl=(45) ./setjmp/../sysdeps/aarch64/setjmp.S
fn=(142) __sigsetjmp
36 6
+4 6
+1 6
+1 6
+1 6
+1 6
+3 18
+1 6
+7 6
+1 6
+1 6
+1 6
+1 6
+2 6
+1 18
+1 6
+7 6
+1 6

fl=(145) ./elf/./elf/dl-runtime.c
fn=(568) _dl_fixup
46 3
+2 1
-2 2
fi=(4)
+33 1
fe=(145)
-33 3
+2 3
+6 1
+1 1
-6 1
+6 1
-6 1
+6 2
-6 1
+9 1
-2 1
+2 1
-2 5
+7 2
+4 3
+4 1
-2 1
+2 1
+14 1
-1 1
+1 3
+10 8
cfi=(72)
cfn=(262)
calls=1 772 
* 512
fi=(144) ./elf/../sysdeps/aarch64/dl-trampoline.S
+8 1
+3 1
+1 1
+1 1
+1 1
+1 1
+1 1
+1 1
+1 1
+1 1
+3 1
+4 1
fe=(145)

fl=(5)
fn=(8)
53 1
fi=(4)
+26 1
fi=(6)
188 1
fe=(5)
53 2
-3 1
-1 1
+4 1
-4 1
+1 1
+3 1
-4 1
+4 1
+3 3
fi=(6)
303 1
fe=(5)
56 1
fi=(6)
303 3
fe=(5)
56 2
fi=(6)
303 22
fe=(5)
56 22
fi=(6)
303 66
fe=(5)
56 44
+5 2
fi=(6)
179 4
+9 24
+4 8
-4 4
+4 8
-4 4
+4 4
+4 12
+4 12
fe=(5)
61 12
+2 8
+2 4
-1 8
fi=(6)
177 8
fi=(2)
563 1
fi=(4)
79 1
fi=(2)
563 1
fe=(5)
51 2
fi=(4)
+28 2
cfi=(5)
cfn=(9) _dl_start'2
calls=1 -26 
* 139303
fe=(5)

fn=(9)
53 2
-3 1
-1 1
+4 1
-4 1
+1 1
+3 1
-4 1
+4 1
+3 2
+5 3
cfi=(2)
cfn=(3) _dl_start'2
calls=1 563 
* 139288

fn=(258)
53 4
-3 2
-1 2
+4 2
fi=(70)
301 2
fe=(5)
49 2
+4 2
-3 2
-1 2
+4 2
+27 2
fi=(70)
301 2
+3 14
+24 6
+3 2
+17 4
fe=(5)
114 4
+9 2
+3 4
fi=(4)
-47 2
fe=(5)
+50 4
+2 4
+2 2
+3 2
-3 2
fi=(6)
+42 2
fe=(5)
-40 2
-1 2
-1 2
+3 2
-2 4
-1 2
+3 2
fi=(6)
+41 4
+2 2
fi=(70)
-9 6
fi=(4)
-30 3
fi=(70)
+31 2
+3 8
fi=(6)
+14 1
+5 1
-5 1
+5 2
-5 1
+5 3
+3 3
fe=(5)
-46 4
-19 11
cfi=(70)
cfn=(253)
calls=1 301 
* 134
fi=(6)
+57 6
+8 6
+15 1
+62 1
+2 4
+2 4
-1 1
fe=(5)
150 2
cfn=(259) _dl_relocate_object'2
calls=1 * 
* 48287
* 4
cfi=(70)
cfn=(253)
calls=1 +36 
* 10882
fi=(70)
349 4
cfn=(278) _dl_protect_relro
calls=2 +6 
* 58
+1 16
fe=(5)

fn=(259)
53 6
-3 3
-1 3
+4 3
fi=(70)
301 3
fe=(5)
49 3
+4 3
-3 3
-1 3
+4 3
+27 3
+3 4
fi=(6)
342 12
fe=(5)
83 12
fi=(6)
314 4
-1 4
+3 8
+2 8
+23 8
fe=(5)
83 2
fi=(70)
301 3
+3 21
+24 9
+3 3
+17 6
fe=(5)
114 4
+9 4
+3 4
fi=(4)
-47 2
fe=(5)
+50 4
+2 4
+2 13
+3 13
-3 13
fi=(6)
+42 13
fe=(5)
-40 13
-1 13
-1 13
+3 13
-2 26
-1 13
+3 13
fi=(6)
+41 26
+2 13
fi=(70)
-9 39
fi=(4)
-30 6
fi=(70)
+31 4
+3 16
fi=(6)
+14 11
+5 11
-5 11
+5 22
-5 11
+5 33
+3 33
fe=(5)
-46 28
-19 47
cfi=(70)
cfn=(253)
calls=1 301 
* 83
fi=(6)
+57 66
+8 64
+15 10
+62 10
+2 40
+2 40
-1 10
fe=(5)
150 20
cfn=(259)
calls=10 * 
* 479570
* 8
cfi=(70)
cfn=(253)
calls=2 +36 
* 72011
fi=(6)
282 3
+1 3
fi=(71)
38 1
-1 1
+1 2
+1 2
+1 2
cob=(2)
cfi=(76)
cfn=(276)
calls=1 -6 
* 13
* 1
fi=(6)
285 1
fe=(5)
150 2
cfn=(259)
calls=1 * 
* 93
fi=(70)
349 6
cfn=(278)
calls=3 +6 
* 87
+1 24
fe=(5)

fl=(54)
fn=(168)
120 35
+2 7

fn=(170) mprotect
120 40
+2 8

fl=(32)
fn=(90)
27 1
+2 1
-2 1
+2 2

fl=(9)
fn=(20) _dl_sysdep_parse_arguments
78 1
+1 1
+1 1
-2 1
+1 2
+2 1
-1 1
-2 1
+3 2
-3 2
+3 2
+2 129
+7 1
-4 2
+4 3
-4 2
+4 1
cfi=(10)
cfn=(22)
calls=1 -58 
* 44
* 1
fi=(11) ./elf/../sysdeps/unix/sysv/linux/dl-parse_auxv.h
-58 1
+9 1
-9 1
+1 1
+6 1
-6 1
-1 1
+7 1
+2 2
+1 44
+1 44
-2 44
+7 1
+1 1
+2 1
fe=(9)
+42 1
fi=(11)
-48 1
fe=(9)
+50 1
fi=(11)
-39 1
-1 1
fe=(9)
+39 1
fi=(11)
-42 1
+1 1
-7 1
-1 1
+1 2
fe=(9)
+50 1
fi=(11)
-49 1
+7 1
+1 1
-3 1
+1 1
-5 1
+8 1
-7 1
+1 1
+1 1
-5 1
fe=(9)
+47 1
+1 1
+1 1
+1 3

fn=(18) _dl_sysdep_start
102 3
+1 2
-1 1
fi=(6)
+26 1
fe=(9)
-26 2
+4 1
-4 1
+1 1
+3 1
cfn=(20)
calls=1 -28 
* 373
+4 3
cfi=(12) ./elf/./elf/dl-tunables.c
cfn=(26) __GI___tunables_init
calls=1 261 
* 138823
fi=(2)
496 2
+89 7
fe=(9)

fn=(320)
147 2
+1 2

fl=(33)
fn=(92)
51 20
+3 10
cfn=(94)
calls=5 -29 
* 71
* 10
+8 20

fn=(94)
25 24
+1 12
+4 9
+4 9
+2 3
+11 6
-20 6
+20 12

fl=(52) ./misc/../sysdeps/unix/sysv/linux/setvmaname.c
fn=(164) __set_vma_name
33 8
+2 8
+14 3
-9 7
cfi=(12)
cfn=(33) __tunable_get_val'2
calls=1 390 
* 23
* 2
+7 2
+1 1
+1 3

fl=(40)
fn=(210)
141 2
-13 1
+13 1
-13 2
+53 1
+2 2
-2 2
+2 1
+3 2

fn=(240) _dl_determine_tlsoffset
222 2
-6 2
+6 2
+3 2
+84 2
+2 1
-2 1
-2 1
-88 1
-1 1
-1 2
cfn=(241) _dl_determine_tlsoffset'2
calls=1 +94 
* 44
fi=(2)
786 1
cfi=(40)
cfn=(242) _dl_allocate_tls_storage
calls=1 417 
* 405
fe=(40)

fn=(241)
332 1
-23 1
+23 3
+1 1
+1 3
+2 1
-11 1
+12 1
+3 2
-31 1
+31 1
+3 1
-34 2
+2 2
+3 1
+4 1
-5 1
+1 1
+4 1
-5 1
+3 1
-3 1
+3 1
+2 3
+29 2
-1 1
+1 4
+7 1
+1 1
-9 1
+9 1

fn=(242)
417 1
+13 2
fi=(23)
56 1
fe=(40)
417 1
+14 1
-14 1
+13 1
-13 1
fi=(23)
56 1
fe=(40)
431 1
fi=(23)
56 2
cfi=(24)
cfn=(64)
calls=1 -20 
* 292
fi=(2)
786 1
+1 1
+6 2
fi=(39) ./elf/../sysdeps/generic/dl-call_tls_init_tp.h
31 1
+2 1
cfi=(20)
cfn=(246) __tls_init_tp
calls=1 +35 
* 86
fi=(2)
797 2
+3 1
-3 1
+3 4
fe=(40)

fn=(244) allocate_dtv
360 1
+5 2
-5 3
+5 1
+4 1
fi=(23)
44 5
cfi=(24)
cfn=(62)
calls=1 +36 
* 38
fe=(40)
371 1
+3 3
+6 1
+6 3

fn=(238) _dl_tls_static_surplus_init
97 1
+3 1
-3 2
+3 2
-3 1
+3 2
cfi=(12)
cfn=(33)
calls=1 390 
* 23
+1 2
-1 1
+1 2
cfi=(12)
cfn=(33)
calls=1 390 
* 23
+1 3
+2 1
-3 1
+3 2
+3 1
+4 1
-28 1
+26 1
-26 1
+26 1
-26 1
+29 1
-29 1
+28 3
+1 2

fn=(282) _dl_allocate_tls_init
523 6
+1 1
+10 2
+3 1
-3 2
+3 1
-9 1
+6 5
cfi=(20)
cfn=(72)
calls=1 42 
* 5
+3 4
+12 1
-18 1
-1 1
+19 1
+5 10
cfn=(283) _dl_allocate_tls_init'2
calls=1 +6 
* 105
fi=(2)
2341 4
+4 7
+2 1
+10 2
cfi=(77)
cfn=(284)
calls=1 561 
* 6988
fe=(40)

fn=(283)
563 1
+1 1
+6 4
+3 2
-2 1
+2 1
-2 1
+6 1
-4 2
+4 1
-4 1
+3 2
+4 2
+1 4
+20 1
-15 1
+15 1
-8 1
+8 3
+2 3
cfi=(25)
cfn=(66)
calls=1 72 
* 14
* 6
cfi=(10)
cfn=(22)
calls=1 32 
* 21
* 1
+6 1
-55 5
+6 4
+55 5
cfi=(20)
cfn=(72)
calls=1 42 
* 5
+3 5
+3 4

fn=(124) _dl_count_modids
194 3
-2 2
+2 2
+1 1
+15 2

fn=(280) _dl_add_to_slotinfo
1017 4
+9 2
-9 1
+6 1
-6 2
+9 1
+1 1
cfn=(281) _dl_add_to_slotinfo'2
calls=1 +4 
* 17
fi=(2)
2295 1
+9 1
-9 1
+5 2
+2 1
+6 3
+2 2
+1 7
cfi=(70)
cfn=(253)
calls=1 207 
* 28314
-18 2
fe=(40)

fn=(281)
1031 3
+34 1
+3 3
+1 5
+3 5

fl=(29)
fn=(84)
45 2
fi=(154) ./elf/./dl-main.h
+64 2
fe=(29)
-64 1
fi=(154)
+64 3
cfi=(30)
cfn=(86)
calls=1 706 
* 106077
fe=(29)

fl=(23)
fn=(116)
50 3
cfi=(24)
cfn=(118) __minimal_free
calls=1 +47 
* 11
+1 1
cfi=(30)
cfn=(103)
calls=1 474 
* 19

fn=(60)
44 4
cfi=(24)
cfn=(62)
calls=1 +36 
* 244

fl=(69) ./elf/../sysdeps/aarch64/dl-bti.c
fn=(250) _dl_bti_check
81 3
+13 1

fl=(144)
fn=(566) _dl_runtime_resolve
38 1
+12 1
+5 1
+4 1
+4 1
+4 1
+4 1
+4 1
+4 1
+4 1
+5 1
+3 1
+2 1
+1 1
+1 1
+1 1
+1 1
+3 1
cob=(2)
cfi=(141) ./stdlib/./stdlib/cxa_finalize.c
cfn=(538) __cxa_finalize
calls=1 -67 
* 106
cfi=(145)
cfn=(568)
calls=1 -54 
* 574

fl=(19) ./elf/../misc/sbrk.c
fn=(50) sbrk
37 3
+3 1
-3 2
+3 1
+18 1
+4 2
+16 5

fl=(62)
fn=(206) _dl_cache_libcmp
357 44
+1 48
+4 107
-2 214
+2 214
-2 214
+20 210
+2 210
-24 85
+28 85
+1 85
-29 85
+32 4
+1 4
-29 4
+8 2
-1 2
-1 2
+2 8
+2 8
-3 2
+3 2
+2 4
+9 20
+8 40

fn=(198)
fi=(30)
2135 2
+2 2
+4 2
+8 2
+23 2
-23 2
+23 16
cfn=(150)
calls=2 1572 
* 230
* 2
+4 6
+18 2
-17 2
+17 4
+28 8
cfn=(147)
calls=2 +45 
* 3359
fe=(62)
403 8
+2 2
-2 2
+2 2
-2 2
+2 2
+3 8
+69 2
+5 2
+3 1
-3 2
+3 5
cfn=(204) search_cache
calls=1 203 
* 1381
-74 5
cfi=(46)
cfn=(200) _dl_sysdep_read_whole_file
calls=1 36 
* 1307

fn=(199) _dl_load_cache_lookup'2
482 2
+3 1
-3 2
+3 5
cfn=(204)
calls=1 203 
* 1176

fn=(204)
203 2
+5 2
-5 12
+5 2
-5 4
+5 2
-5 8
+5 2
-5 2
+5 4
cfi=(12)
cfn=(33)
calls=2 390 
* 46
* 2
+12 4
+3 2
-10 4
cfn=(205) search_cache'2
calls=2 +9 
* 2155
485 2
+15 4
+4 2
+8 4
cfi=(18)
cfn=(48)
calls=2 50 
* 56
+1 2
-1 2
+1 22
+1 6
cfi=(25)
cfn=(66)
calls=2 72 
* 28
+1 2
cfi=(36)
cfn=(112)
calls=2 40 
* 164
+1 10

fn=(205)
349 8
220 16
+2 20
+9 20
-9 40
+1 60
+4 40
+4 40
cfn=(206)
calls=20 357 
* 1547
+1 40
346 18
+1 10
220 20
353 2
222 8
cfn=(205)
calls=2 +18 
* 266
+20 4
+5 2
-2 4
+2 6
cfn=(206)
calls=2 357 
* 156
* 2

ob=(2)
fl=(138)
fn=(522)
fi=(137)
46 1
+86 5
+2 3
-2 2
+6 2
+7 8
fe=(138)
-68 3
+3 4
+2 1
+2 2
+4 3
+20 4
+4 1
+3 1
-3 1
+3 3
-71 1
+1 7
+1 2
+84 1
+1 3
cfn=(523) pthread_mutex_lock@@GLIBC_2.17'2
calls=1 +53 
* 10

fn=(523)
184 1
-2 1
+2 2
+3 1
-63 1
+66 4

fl=(121)
fn=(508) _IO_file_write@@GLIBC_2.17
1174 4
+2 5
-1 2
+6 5
cfi=(133) ./io/../sysdeps/unix/sysv/linux/write.c
cfn=(510) write
calls=1 25 
* 17
+1 1
+5 1
+1 1
-12 2
+14 2
+1 2
+3 3

fn=(460) _IO_file_overflow@@GLIBC_2.17
426 2
+1 1
732 236
+1 118
+7 235
+37 58
-2 116
+3 174
+3 174
+1 116
+1 174
+4 58
+1 174
-45 1
+42 1
-1 3
cfn=(500) _IO_do_write@@GLIBC_2.17
calls=1 426 
* 104
* 2
-39 2
cfi=(122)
cfn=(462) _IO_doallocbuf
calls=1 343 
* 1821

fn=(461) _IO_file_overflow@@GLIBC_2.17'2
755 1
+9 3
+5 1
+2 1
+1 1
-1 1
-2 1
-2 1
+1 1
+4 5
+1 1
+2 2
+1 2
+12 1
-12 1
+12 1
-12 1

fn=(614) _IO_file_sync@@GLIBC_2.17
793 2
+5 1
-5 2
+5 2
+2 1
+1 2
+11 3
+4 3

fn=(466)
1147 2
+2 1
-1 2
cfi=(124)
cfn=(468)
calls=1 30 
* 9

fn=(500)
426 1
-2 4
+2 1
cfn=(504) new_do_write
calls=1 +6 
* 93
* 1
+1 1
-1 1
+1 2

fn=(610) _IO_file_setbuf@@GLIBC_2.17
382 4
+1 1
cfi=(122)
cfn=(612) _IO_default_setbuf
calls=1 +69 
* 57
* 1
+4 1
+3 1
-2 1
-2 1
+1 1
+4 3

fn=(504)
432 4
+2 1
-2 1
fi=(132)
1025 1
fe=(121)
432 1
+12 1
-12 1
fi=(132)
1025 1
fe=(121)
432 1
+2 1
fi=(132)
1025 1
+1 2
fe=(121)
449 5
cfn=(508)
calls=1 1174 
* 45
* 1
+1 4
+2 2
+4 1
-3 2
+3 2
-2 1
+4 6
-3 4
-14 4

fn=(458) _IO_file_xsputn@@GLIBC_2.17
fi=(113) ./stdio-common/./stdio-common/printf_buffer_to_file.c
59 3
+6 1
+39 2
-39 1
fe=(121)
1204 1
-6 4
+13 1
-13 4
+13 2
+2 1
-2 2
+17 3
-28 1
+44 1
fi=(132)
1025 3
+1 2
fe=(121)
1244 4
cfn=(460)
calls=1 732 
* 1836
* 2
+6 2
+1 4
+2 2
+11 1
+1 4
cfi=(122)
cfn=(502) _IO_default_xsputn
calls=1 374 
* 2693

fn=(459) _IO_file_xsputn@@GLIBC_2.17'2
1268 5

fl=(111) ./stdio-common/./stdio-common/printf.c
fn=(430) printf
fi=(108)
30 1
+1 2
fe=(111)
-3 1
+4 1
-4 2
+4 1
-4 2
+4 1
+1 2
-5 1
+5 1
-5 8
+5 2
-5 1
+5 1
-5 2
+5 1
-5 3
+4 2
+1 1
-1 2
+1 3
cfi=(112)
cfn=(432) __vfprintf_internal
calls=1 1522 
* 5713

fl=(103)
fn=(380) __libc_start_main@@GLIBC_2.34
242 11
+69 2
+1 3
cfi=(104)
cfn=(382)
calls=1 67 
* 1210540049

fn=(381)
350 2
cfi=(105)
cfn=(408)
calls=1 29 
* 1210539875
cob=(1)
cfi=(42)
cfn=(406) _dl_audit_preinit
calls=1 118 
* 11
* 9
145 5
cob=(6)
cfi=(102) ???
cfn=(398) 0x00000000000007d0
calls=1 0 
* 12
-1 4
cfn=(381)
calls=1 350 
* 1210539897

fl=(86)
fn=(312)
38 1
+1 2
-1 1
+1 6
+1 2

fl=(134) ./stdio-common/./stdio-common/Xprintf_buffer_done.c
fn=(512) __printf_buffer_done
25 2
+1 2
+5 1
+2 2
-2 1
+2 7
+7 2

fl=(141)
fn=(538)
33 6
-3 3
+3 3
-3 9
+3 3
-3 12
+3 3
cfi=(94)
cfn=(386)
calls=3 -33 
* 18
* 3
+45 6
+3 6
-45 9
+7 3
-3 18
-4 6
+57 9
+4 18
-4 6
+11 3
+1 6
cfi=(142)
cfn=(540)
calls=3 -23 
* 111
+1 12
cfi=(94)
cfn=(390)
calls=3 0 
* 18
* 6
+1 21

fl=(128)
fn=(488)
26 3
-1 2
+4 1
cfi=(129) ./misc/./misc/sbrk.c
cfn=(490) sbrk
calls=1 +8 
* 59
fi=(125)
2710 1
-1 1
+1 1
2008 1
2711 1
2008 4
2712 1
+3 1
+29 2
+2 1
-2 2
+1 3
cfn=(487)
calls=1 +1 
* 116
fe=(128)

fn=(489)
26 3
-1 2
+4 1
cfi=(129)
cfn=(490)
calls=1 +8 
* 19
+1 2
+4 2

fl=(122)
fn=(462)
fi=(121)
746 2
+9 1
-9 2
cfn=(461)
calls=1 +9 
* 25
fe=(122)
343 4
+1 2
+2 3
+1 1
fi=(132)
1025 3
+1 2
fe=(122)
347 3
cfi=(123)
cfn=(464)
calls=1 78 
* 1773

fn=(612)
452 1
fi=(132)
1025 1
fe=(122)
452 3
fi=(132)
1025 1
fe=(122)
452 3
+1 1
fi=(132)
1025 1
+1 2
fe=(122)
453 3
cfi=(121)
cfn=(614)
calls=1 793 
* 16
* 2
+2 1
+2 1
330 1
455 2
+2 2
+1 1
-1 1
330 2
466 1
+1 1
337 2
-4 1
466 3
+2 4

fn=(502)
fi=(121)
1267 3
cfn=(459)
calls=1 +1 
* 5
fe=(122)
374 1
-3 6
+2 1
-2 1
fi=(132)
1025 4
fe=(122)
379 3
+20 2
fi=(132)
1025 1
+1 2
fe=(122)
399 4
cfi=(121)
cfn=(460)
calls=1 732 
* 28
* 2
+2 1
-22 1
cfn=(503) _IO_default_xsputn'2
calls=1 * 
* 2628

fn=(503)
379 174
+20 115
fi=(132)
1025 57
+1 114
fe=(122)
399 228
cfi=(121)
cfn=(460)
calls=57 732 
* 1706
* 114
+2 57
-22 57
cfn=(503)
calls=57 * 
* 76954
+25 1
-29 1
+29 4

fn=(600) _IO_cleanup
fi=(135) ./stdlib/./stdlib/exit.c
129 1
cfn=(517) __run_exit_handlers'2
calls=1 +2 
* 2
fe=(122)
842 6
-65 2
+65 2
-66 1
+1 1
+65 1
-65 1
+65 3
+1 1
cfn=(602) _IO_flush_all
calls=1 686 
* 456

fn=(601) _IO_cleanup'2
785 2
-1 2
+1 12
+9 4
+2 4
+4 1
-2 1
+4 1
-4 1
+3 1
+1 1
+3 1
fi=(132)
1025 1
+1 2
fe=(122)
805 5
cfi=(121)
cfn=(610)
calls=1 382 
* 71
+2 3
+9 1
-2 1
+2 1
-2 1
+2 1
-36 3
+37 3
-37 4
+41 4
+1 2
cfi=(146) ./nptl/./nptl/libc-cleanup.c
cfn=(606) __libc_cleanup_pop_restore
calls=1 54 
* 16
+33 15
-47 2
+8 21
cfn=(601)
calls=3 -36 
* 316
-2 2
+2 1
cfn=(601)
calls=1 * 
* 202
-31 6
+7 2
+29 6
cfn=(601)
calls=1 +1 
* 33

fn=(602)
686 1
+5 1
-5 2
+5 1
-5 3
+6 1
-6 1
+6 2
-6 1
+5 2
-5 1
+6 1
-6 3
+5 2
cfi=(146)
cfn=(604) __libc_cleanup_push_defer
calls=1 24 
* 19
+1 5
-5 1
+18 2
fi=(132)
1025 1
fe=(122)
698 1
fi=(132)
1025 2
cfi=(122)
cfn=(603) _IO_flush_all'2
calls=1 698 
* 137
fe=(122)
695 1
-3 2
-5 1
+8 1
-3 1
+3 1
843 1
-67 5
cfi=(146)
cfn=(604)
calls=1 24 
* 19
+1 5
fi=(132)
1025 3
fe=(122)
816 1
-2 1
-29 1
-1 1
+1 9
+7 2
cfn=(601)
calls=1 +22 
* 205
-12 1
-3 2
+3 1
-3 1
+3 1

fn=(603)
708 30
-13 3
+14 3
-14 3
+3 3
-1 3
+1 18
+2 18
-5 1
+18 4
+1 2
cfi=(146)
cfn=(606)
calls=1 54 
* 16
+4 15
-20 12
cfn=(603)
calls=3 +2 
* 282
+15 6
cfn=(603)
calls=1 +1 
* 33

fn=(498)
329 2
+1 1
-1 3
+1 1
-1 3
+1 1
+5 3
-2 1
+2 2
+3 4

fl=(146)
fn=(606)
54 2
+1 2
-1 2
+3 2
-3 2
+3 2
-3 2
+5 2
-2 2
+2 2
+1 4
+17 8

fn=(604)
24 2
+1 2
-1 4
+3 2
-3 4
+5 2
-2 4
+2 2
+3 2
+14 2
-2 2
+4 2
+1 8

fl=(133)
fn=(510)
25 1
+1 1
-1 1
+1 1
-1 1
+1 8
+1 4

fl=(96)
fn=(356)
46 1
+5 1
-5 1
+5 1
-5 3
+5 1
+4 8
+8 2
-2 2
+10 1
-10 1
+10 1
-8 1
-1 1
+10 2
-1 1
cfi=(97)
cfn=(358)
calls=1 -40 
* 64

fl=(129)
fn=(490)
fi=(128)
30 2
+4 2
fe=(129)
+3 2
+6 2
-6 2
+6 2
-6 2
+3 4
-3 4
+3 2
+3 2
+35 5
-20 2
+4 2
-3 2
cfi=(130)
cfn=(492)
calls=1 -23 
* 13
* 1
+4 2
cfn=(491) sbrk'2
calls=1 -1 
* 25

fn=(491)
62 2
+4 3
+8 1
cfi=(130)
cfn=(492)
calls=1 -38 
* 13
* 1
+4 5

fl=(135)
fn=(514) exit
137 1
+1 2
-1 1
+1 3
cfn=(516) __run_exit_handlers
calls=1 38 
* 2542

fn=(516)
38 10
+2 1
+1 1
cfi=(136)
cfn=(518)
calls=1 148 
* 13
* 1
cfn=(517)
calls=1 +2 
* 2516

fn=(517)
43 5
cfi=(94)
cfn=(386)
calls=1 -43 
* 6
* 1
+11 1
+2 1
+35 2
-24 1
+27 2
-30 2
+2 2
+1 1
+2 6
+62 2
-28 1
-2 1
+3 1
+3 1
-3 1
+3 2
cfi=(94)
cfn=(390)
calls=1 0 
* 6
* 2
+1 3
cob=(1)
cfi=(137)
cfn=(520) _dl_fini
calls=1 -82 
* 2468

fl=(88)
fn=(316)
55 1
+1 1
-1 2
+1 1
-1 3
+1 2
-1 3
+1 2
cob=(1)
cfi=(12)
cfn=(33)
calls=3 390 
* 69
* 33
fi=(84)
-7 11
fe=(88)

fl=(85)
fn=(310)
31 3
-2 1
+2 2
-2 1
+2 1
+2 2
+2 2
-4 1
+2 1
+2 3
-4 1
+2 1
-2 1
+2 1
+3 2

fl=(99)
fn=(362)
fi=(90)
73 3
+3 5
fe=(99)
546 2
-1 1
+1 1
-1 1
+1 5
+1 5
+1 6
cfn=(363) check_stdfiles_vtables'2
calls=1 +2 
* 2

fn=(363)
550 2

fl=(107)
fn=(414)
28 4
+2 1
-1 1
+5 4

fl=(117)
fn=(446)
201 2
58 1
-23 1
+22 1
-22 2
cfn=(447)
calls=1 136 
* 785

fn=(447)
136 4
+19 20
cfi=(118)
cfn=(448)
calls=2 +14 
* 272
* 2
+11 6
-11 2
+6 12
+40 4
-4 4
+2 4
+2 2
-2 2
+2 2
+7 2
-2 2
+2 8
+3 6
+13 2
fi=(119) ./stdio-common/../include/printf_buffer.h
-61 4
fe=(117)
+70 2
+3 2
+4 8
cfi=(115)
cfn=(443)
calls=2 27 
* 768
136 2
+2 4
cfn=(447)
calls=2 +17 
* 1182
-89 1
201 2
58 1
-23 1
+22 1
-22 2
cfn=(447)
calls=1 136 
* 407
186 2
-25 2
+25 2
-16 2
+16 2
+1 2
-1 4
+1 12
cfn=(447)
calls=2 +14 
* 826
* 2
+12 2
-12 2
+8 8
cfn=(447)
calls=2 -9 
* 854
fi=(119)
-32 4
fe=(117)

fl=(126)
fn=(476)
262 1
+5 1
-5 2
fi=(127) ./malloc/../sysdeps/unix/sysv/linux/not-cancel.h
97 1
fe=(126)
262 2
fi=(127)
97 1
fe=(126)
262 1
+5 1
-5 1
+5 1
-5 3
fi=(127)
97 2
fe=(126)
267 1
fi=(127)
97 2
fi=(125)
3143 2
fe=(126)
274 4
cob=(1)
cfi=(12)
cfn=(32) __tunable_get_val
calls=13 390 
* 299
* 657
fi=(125)
1336 4
3313 3
1345 1
3313 1
-2 3
+2 1
-2 2
+2 1
+13 3
1326 1
3248 3
cfn=(482)
calls=1 -6 
* 486
+68 4
+1 4
+1 2
+10 4
cfn=(484)
calls=1 3846 
* 149
fe=(126)

fl=(113)
fn=(436) __printf_buffer_to_file_switch
29 2
+1 4
+10 1
+1 1
+4 2
-1 1
+1 1

fn=(456) __printf_buffer_flush_to_file
29 2
+1 4
+10 1
+1 1
+4 2
-1 1
+1 1
+4 1
+4 1
-4 1
+2 1
-2 2
+2 1
+2 1
-2 3
+2 2
+6 2
-1 1
fi=(155) ./stdio-common/../libio/libioP.h
1025 2
fe=(113)
58 1
+1 1
fi=(155)
1025 1
+1 2
fe=(113)
59 3
cfi=(121)
cfn=(458)
calls=1 1204 
* 4580

fn=(454) __printf_buffer_to_file_done
118 2
-1 4
+3 1
cfn=(456)
calls=1 -71 
* 4618
+1 1
+1 2
-1 1
cfi=(134)
cfn=(512)
calls=1 -96 
* 17

fn=(434) __printf_buffer_to_file_init
108 1
fi=(119)
+29 1
fe=(113)
-28 1
-1 1
+5 1
fi=(119)
+15 1
-3 1
+2 1
+1 1
fe=(113)
-17 1
+1 1
cfn=(436)
calls=1 -83 
* 12

fl=(114) ./string/../sysdeps/aarch64/strchrnul.S
fn=(440) strchrnul
53 3
+2 3
+1 3
+1 3
+1 3
+1 3
+1 3
+1 3
+1 3
+1 3
+1 3
+2 2
+1 2
+1 2
+1 2
+4 1
+1 1
+1 1
+1 1
+1 1
+1 1
+9 1
+1 1
+1 1
+2 1
+2 1
+1 1
+1 1

fl=(112)
fn=(438) __printf_buffer
600 7
+27 3
-27 1
+38 4
-11 2
-27 2
+27 1
-27 2
+27 2
-27 1
+38 1
-38 5
fi=(120) ./stdio-common/./stdio-common/printf-parse.h
82 2
fe=(112)
638 2
fi=(120)
82 2
cfi=(114)
cfn=(440)
calls=1 -29 
* 24
fe=(112)
653 2
-4 1
fi=(120)
82 1
fe=(112)
649 1
+4 2
cfi=(115)
cfn=(442)
calls=1 27 
* 913
1545 2
cfi=(113)
cfn=(454)
calls=1 118 
* 4646
* 2
cfn=(433) __vfprintf_internal'2
calls=1 +22 
* 14

fn=(439)
1044 12
-20 2
fi=(120)
82 2
fe=(112)
1018 2
+6 2
fi=(120)
82 4
cfi=(114)
cfn=(440)
calls=2 -29 
* 30
* 2
fe=(112)
1028 6
-4 2
+4 2
cfi=(115)
cfn=(443)
calls=2 27 
* 620

fn=(432)
fi=(111)
37 10
fe=(112)
1522 9
+3 1
-3 6
+3 3
+4 3
+11 2
+3 4
cfi=(113)
cfn=(434)
calls=1 108 
* 23
+1 7
cfn=(438)
calls=1 600 
* 5645

fn=(433)
1567 14

ob=(1)
fl=(62)
fn=(205)
240 4
-30 8
+1 8
-1 8
cfn=(205)
calls=2 +49 
* 64
+49 4
+10 6
+1 6
+7 6
fi=(63) ./elf/../sysdeps/generic/dl-cache.h
125 2
fe=(62)
295 10
+3 6
+11 6
+21 2
+23 16

fn=(324)
525 3
+1 6
+2 2
cfi=(54)
cfn=(168)
calls=1 120 
* 6
+1 1
+4 1
+2 3

fl=(44) ./elf/./elf/dl-catch.c
fn=(140) _dl_catch_exception
204 2
58 2
204 6
58 2
204 2
+3 2
+21 2
+1 4
58 2
+1 2
+11 2
-11 2
+11 2
-11 2
+11 2
cfn=(141) _dl_catch_exception'2
calls=2 235 
* 6039
258 1
-1 1
+2 1
+2 1
-3 1
+1 3
+2 3
fi=(59)
-33 4
cfi=(30)
cfn=(108)
calls=1 +10 
* 30
* 2
+14 1
+2 3
+5 2
+6 1
-2 1
+4 1
-8 1
+5 1
+3 1
-2 1
+1 1
+1 1
+2 4
+4 1
-42 2
+1 2
+10 1
-4 1
+4 2
-2 1
+2 1
cfi=(44)
cfn=(141)
calls=1 -28 
* 7376
* 1
+1 2
fe=(44)

fn=(141)
204 4
58 4
204 12
58 4
204 4
+3 4
+21 4
+1 8
58 4
235 18
cfi=(45)
cfn=(142)
calls=6 36 
* 132
* 6
+2 12
cfi=(59)
cfn=(188) openaux
calls=5 61 
* 9052
cfi=(2)
cfn=(144) map_doit
calls=1 641 
* 2209
69 9
+1 9
239 9
-25 3
+34 9
59 4
+11 4
-11 4
+11 4
-11 4
+11 4
cfn=(141)
calls=4 235 
* 5429
fi=(59)
208 5
-18 1
+18 1
417 4
fi=(23)
56 2
fi=(59)
419 4
fi=(23)
56 2
fi=(59)
422 4
fi=(23)
56 4
cfi=(24)
cfn=(64)
calls=2 -20 
* 48
* 2
fi=(59)
423 2
+6 2
+1 2
+1 2
-1 6
cfi=(25)
cfn=(66)
calls=2 72 
* 28
+1 8
cfi=(25)
cfn=(66)
calls=2 72 
* 28
+2 2
+2 2
-1 2
+1 4
+4 12
188 3
+5 3
-5 3
+5 3
+4 3
-4 3
+4 3
+1 18
fi=(64) ./elf/../include/scratch_buffer.h
-67 8
cfi=(65)
cfn=(214)
calls=2 30 
* 32
fi=(59)
+70 2
+4 4
cfn=(187) _dl_map_object_deps'2
calls=2 +3 
* 4040
442 6
-1 12
+1 4
183 2
cfi=(64)
cfn=(212) _dl_map_object_deps
calls=1 -98 
* 502
+45 4
cfi=(30)
cfn=(108)
calls=1 +10 
* 40
* 2
+14 4
+2 12
+5 4
+6 2
-2 2
+4 2
-8 2
+5 2
+3 2
-2 2
+1 2
+1 2
+2 8
+4 4
+1 6
-43 158
+1 152
+44 375
-34 1
-4 1
+4 2
-2 1
+2 1
cfi=(44)
cfn=(141)
calls=1 -28 
* 1932
* 4
+1 8
fe=(44)

fn=(138) _dl_catch_error
254 9
+2 2
cfn=(140)
calls=1 -52 
* 2266
fi=(2)
817 2
+8 1
+6 1
-6 1
+6 1
-6 1
+6 2
fe=(44)

fn=(222) _dl_receive_error
186 5
58 1
188 1
58 1
188 1
-2 1
+2 1
58 1
192 1
59 1
+11 1
192 1
+2 1
cfi=(2)
cfn=(224) version_check_doit
calls=1 674 
* 4523
fi=(2)
2038 1
+1 1
-1 1
+1 1
+1 2
cfn=(234) init_tls
calls=1 734 
* 85828
fe=(44)

fl=(48)
fn=(154)
25 3
+1 6
-1 3
+1 9
+1 6

fl=(59)
fn=(188)
fi=(44)
69 6
+1 6
239 6
-25 2
+34 6
fe=(59)
61 25
+3 10
+1 5
-1 10
+2 3
-2 12
cfi=(30)
cfn=(146)
calls=3 1967 
* 1001
* 6
cfi=(30)
cfn=(146)
calls=2 1967 
* 7942
* 3
+5 9

fn=(186) _dl_map_object_deps
143 1
+1 2
-1 4
+1 1
-1 1
+1 1
-1 4
+1 2
-1 1
+1 9
-16 1
+2 1
+6 1
-6 1
+6 3
+24 3
-30 3
-2 1
+33 1
-1 1
-30 2
+30 1
-24 3
+24 2
+28 5
+44 3
-50 1
+4 1
fi=(64)
77 1
fe=(59)
182 2
+2 1
fi=(64)
77 2
fe=(59)
184 1
fi=(64)
78 2
fe=(59)
+86 1
+29 1
+4 1
-33 1
+29 2
+4 1
+11 2
-10 4
+12 1
fi=(4)
79 1
fe=(59)
210 2
+11 1
-5 1
+1 2
+1 2
+3 1
-6 1
+6 1
-2 2
+9 1
-38 1
+38 1
-6 3
+6 4
cfi=(30)
cfn=(108)
calls=1 +10 
* 40
* 2
+4 1
-4 1
+4 2
-2 1
+2 1
cfi=(44)
cfn=(140)
calls=1 -28 
* 11265
fi=(2)
1971 3
+1 5
-1 2
+1 3
-1 1
+1 4
-1 8
+1 12
-1 4
+4 5
+1 1
+1 1
+2 2
+1 2
-1 2
cfn=(53)
calls=1 +1 
* 90443
fe=(59)

fn=(187)
208 9
-18 1
+18 1
417 1
fi=(23)
56 1
fe=(59)
419 2
fi=(23)
56 1
fe=(59)
422 2
fi=(23)
56 2
cfi=(24)
cfn=(64)
calls=1 -20 
* 24
* 1
fe=(59)
423 1
+6 1
+1 1
+1 1
-1 3
cfi=(25)
cfn=(66)
calls=1 72 
* 15
+1 4
cfi=(25)
cfn=(66)
calls=1 72 
* 15
+2 1
+2 1
-1 1
+1 2
+4 3
188 1
+5 1
-5 1
+5 1
+4 1
-4 1
+4 1
+1 6
fi=(64)
-67 4
cfi=(65)
cfn=(214)
calls=1 30 
* 16
fe=(59)
+70 1
+4 2
cfn=(187)
calls=1 +3 
* 2682
442 2
-1 3
+1 1
210 2
fi=(4)
79 2
fe=(59)
210 4
+11 2
-5 2
+1 4
+1 4
+3 2
-6 2
+6 2
-2 4
+9 2
-38 2
+38 2
-6 6
+6 8
cfi=(30)
cfn=(108)
calls=2 +10 
* 80
* 4
+4 2
-4 2
+4 4
-2 2
+2 2
cfi=(44)
cfn=(141)
calls=2 -28 
* 3758
452 3
+11 1
fi=(23)
56 2
fe=(59)
463 2
fi=(23)
56 2
cfi=(24)
cfn=(64)
calls=1 -20 
* 24
* 1
fe=(59)
465 1
+5 1
+4 1
-2 1
-1 1
-1 3
+4 1
+4 15
+6 5
+1 5
-1 5
+1 5
+5 15
-16 10
+21 2
+37 2
+4 1
+11 2
-14 1
+20 3
-1 3
+1 4
-1 4
cfi=(14)
cfn=(218)
calls=1 298 
* 326
+5 1
+1 1
+2 1
-1 1
+1 2
+1 1
+7 2
+3 1
+3 9
-27 2
cfi=(25)
cfn=(66)
calls=1 72 
* 14
* 1
cfn=(187)
calls=1 +6 
* 359

fl=(72)
fn=(262)
772 140
+6 20
-6 10
+6 10
fi=(73) ./elf/../sysdeps/generic/dl-new-hash.h
74 10
+3 10
-8 10
+1 10
+31 20
-21 20
+1 10
-1 110
+1 55
+21 61
-28 122
+30 61
-27 61
fe=(72)
778 6
-4 12
+1 6
+3 18
+4 10
+5 12
-2 6
+6 12
-15 30
cfn=(263)
calls=6 +16 
* 2499
fi=(73)
87 4
+2 4
+1 4
cfi=(72)
cfn=(263)
calls=4 778 
* 1410
fi=(5)
+43 2
+3 2
-3 2
fi=(6)
+42 2
fi=(5)
-40 2
-1 2
-1 2
+3 2
-2 4
-1 2
+3 2
fi=(6)
+41 4
+2 2
fi=(70)
-9 6
fi=(4)
-30 3
fi=(70)
+31 2
+3 8
+16 4
+3 4
+1 4
-1 4
fi=(6)
-5 8
+3 2
-3 7
+5 3
-5 3
+5 6
-5 3
+5 9
+3 21
+12 6
fi=(5)
-58 6
-19 6
fi=(6)
+57 6
+8 18
cfn=(254)
calls=2 +12 
* 16543
* 6
+15 1
+62 1
+2 4
+2 4
-1 1
fi=(5)
150 2
cfn=(258)
calls=1 * 
* 48347
* 4
cfi=(70)
cfn=(253)
calls=1 +36 
* 1864
+32 2
fi=(6)
-7 1
fi=(5)
+8 1
-1 3
fi=(6)
-5 2
+2 1
fi=(70)
-9 3
fi=(4)
-30 3
fi=(70)
+31 2
+3 8
+19 1
-3 1
+4 1
-1 1
fi=(6)
-5 3
+3 1
-3 3
+5 1
-5 1
+5 3
-5 1
+5 2
+3 7
+12 3
fi=(5)
-12 3
-16 3
+16 4
cfi=(70)
cfn=(253)
calls=1 -10 
* 2530
fi=(145)
95 1
+4 2
+10 12
fi=(71)
-71 1
fi=(145)
+86 4
+9 2
+29 1
-3 3
fi=(6)
-12 1
fi=(145)
+16 6
fi=(7)
-95 20
+1 44
+2 4
fi=(80) ./elf/./dl-sym-post.h
-30 8
+12 12
fi=(7)
+19 20
fe=(72)

fn=(263)
772 1596
+6 228
-6 114
+6 114
fi=(73)
74 114
+3 114
-8 114
+1 114
+31 228
-21 228
+1 114
-1 1440
+1 720
+21 782
-28 1564
+30 782
-27 782
fe=(72)
778 118
-4 236
+1 118
+3 354
+4 223
+5 236
-2 118
+6 236
-15 590
cfn=(263)
calls=118 +16 
* 47187
+16 1364
cfn=(266) do_lookup_x
calls=124 347 
* 48322
+81 2
+19 78
-76 13
+76 39
fi=(73)
87 52
+2 52
+1 52
cfi=(72)
cfn=(263)
calls=52 778 
* 21761
fi=(5)
+43 98
+3 98
-3 98
fi=(6)
+42 98
fi=(5)
-40 98
-1 98
-1 98
+3 98
-2 196
-1 98
+3 98
fi=(6)
+41 196
+2 98
fi=(70)
-9 294
fi=(4)
-30 291
fi=(70)
+31 194
+3 730
+12 2
fi=(4)
79 1
fi=(70)
186 2
-2 1
-1 1
+3 67
fi=(4)
79 33
fi=(70)
186 66
-2 33
-1 33
+3 101
+1 34
+1 68
-1 68
+3 204
cfi=(72)
cfn=(263)
calls=34 772 
* 197197
* 109
+3 109
+1 109
-1 109
fi=(6)
-5 315
+3 103
-3 310
+5 104
-5 104
+5 208
-5 104
+5 312
+3 716
+12 303
fi=(5)
-58 303
-19 318
cfi=(70)
cfn=(253)
calls=3 301 
* 247
+20 105
fi=(6)
+37 6
+8 54
cfn=(255)
calls=6 +12 
* 25961
* 16
+15 2
+62 2
+2 8
+2 8
-1 2
fi=(5)
150 4
cfn=(258)
calls=1 * 
* 10922
cfn=(259)
calls=1 * 
* 24404
* 236
cfi=(70)
cfn=(253)
calls=59 +36 
* 1627920
fi=(6)
282 3
+1 3
fi=(71)
38 1
-1 1
+1 2
+1 2
+1 2
cob=(2)
cfi=(75)
cfn=(274)
calls=1 -6 
* 12
* 1
fi=(6)
285 1
fi=(5)
150 2
cfn=(259)
calls=1 * 
* 169
fi=(70)
+25 16
fi=(6)
-72 8
fi=(5)
+79 2
fi=(6)
-7 1
fi=(5)
+8 1
-1 3
fi=(6)
-5 2
+2 1
fi=(70)
-9 3
fi=(4)
-30 3
fi=(70)
+31 2
+3 8
+19 5
-3 5
+4 5
-1 5
fi=(6)
-5 7
+3 1
-3 3
+5 1
-5 1
+5 3
-5 1
+5 2
+3 7
+12 3
fi=(5)
-12 3
-16 3
+16 36
cfi=(6)
cfn=(255)
calls=3 +12 
* 2357
cfi=(6)
cfn=(254)
calls=1 +12 
* 2105
* 4
cfi=(70)
cfn=(253)
calls=1 -10 
* 1000
fi=(70)
-21 12
cfn=(253)
calls=4 +2 
* 107456
fe=(72)

fn=(266)
347 1116
+1 124
-1 1116
+7 124
+58 124
-47 124
+50 124
-25 744
cfn=(267) do_lookup_x'2
calls=124 -32 
* 40843
791 36
+1 124
+5 124
+23 248
-23 124
+24 544
+7 112
-7 112
+35 448
+34 224
-20 224
+3 222
+19 666
-76 111
+76 333
-93 60
+18 36
cfn=(263)
calls=12 +75 
* 120
+54 3
cfn=(263)
calls=1 +2 
* 12

fn=(267)
396 1058
+8 529
-4 529
fi=(4)
79 529
fe=(72)
404 529
-3 529
+3 1058
+1 529
+3 529
-3 1058
+4 529
+4 529
+3 529
-3 529
+3 529
-5 529
+8 2116
+99 1251
358 1058
+3 1058
+4 529
+21 1058
+4 1058
+33 121
-1 363
+2 121
+2 117
+6 234
-6 1287
cfn=(267)
calls=117 +3 
* 21538
+13 262
-10 972
+2 112
+1 336
-1 112
+1 224
+1 112
-1 336
+1 112
-1 224
cfn=(268) check_match
calls=112 70 
* 13322
+4 112
+86 12
-1 12
+1 84
-52 15
-22 40
cfn=(267)
calls=5 +22 
* 1240
176 1008
cfi=(4)
cfn=(270)
calls=112 -37 
* 3014

fn=(268)
70 224
+3 112
-3 1120
+3 336
+13 112
-13 112
+13 112
-13 112
+13 336
+3 412
cfi=(26)
cfn=(74)
calls=47 -25 
* 2769
* 47
+4 112
+1 112
+2 109
+19 109
+1 981
+45 112
+1 560
-18 3
+2 3
+1 9
-1 9
-29 327
cfi=(26)
cfn=(74)
calls=109 -53 
* 4963
* 109

fl=(78)
fn=(288)
94 4
+1 4
+1 6
+1 4
+6 8
+1 4
+1 6
cfn=(289)
calls=2 * 
* 92
fi=(77)
485 2
+1 6
+1 4
+3 4
cfn=(287)
calls=2 -2 
* 550
fe=(78)

fn=(289)
94 8
+1 8
+1 12
+1 8
+6 16
+1 8
+1 12
cfn=(289)
calls=4 * 
* 154
-1 93
+1 111
+2 30
+13 12
fi=(77)
517 8
cfn=(287)
calls=4 -11 
* 504
fe=(78)

fl=(42)
fn=(182)
77 9
+1 6
-1 3
+1 6
+15 9

fn=(554) _dl_audit_objclose
97 15
+1 10
-1 5
+1 10
+16 15

fn=(130) _dl_audit_activity_map
29 3
+1 2
-1 2
+2 1
-1 1
+1 1
+6 4

fn=(406)
118 3
+1 2
-1 1
+1 2
+10 3

fn=(322)
45 9
-4 3
+4 3
+1 3
-5 3
+4 3
+2 12
+4 6

fl=(47)
fn=(152)
28 30
+3 42
+8 30
+2 8
-2 8
+2 4

fl=(90)
fn=(326) _dl_init
81 3
+5 2
-5 3
+5 1
-5 4
+2 1
+3 1
+2 1
cfn=(328) call_init
calls=1 -61 
* 556
fi=(1) ./elf/../sysdeps/aarch64/dl-start.S
-40 1
+1 1
+2 1
+1 1
cob=(6)
cfi=(102)
cfn=(376) (below main)
calls=1 -52 
* 1210540081
fe=(90)

fn=(327) _dl_init'2
94 3
+25 1
+1 3
+1 5
-1 1
+1 1
cfn=(329) call_init'2
calls=1 -94 
* 460

fn=(328)
27 4
+2 3
+6 6
+2 1
+9 1
-3 3
+3 2
+5 3
+8 2
+1 7
cob=(3)
cfi=(89)
cfn=(330) 0x00000000048504f8
calls=1 -60 
* 10
+3 1
+1 1
+6 1
+2 3
-2 1
+2 1
-2 1
+3 5
cfn=(329)
calls=1 +1 
* 24
+16 2
cfn=(327)
calls=1 +5 
* 474

fn=(329)
27 20
+2 15
+6 30
+2 5
+9 4
-3 12
+3 8
+5 9
+8 6
+1 7
cob=(3)
cfi=(89)
cfn=(364) 0x00000000048aca50
calls=1 -60 
* 10
+3 3
+1 3
+6 3
+2 9
-2 3
+2 3
-2 3
+3 15
cfn=(329)
calls=3 +1 
* 238
+1 20
cob=(5) /usr/lib/aarch64-linux-gnu/libm.so.6
cfi=(101) ???
cfn=(370) 0x000000000000cc20
calls=1 -74 
* 12
cob=(2)
cfi=(94)
cfn=(350)
calls=1 -74 
* 165
cfi=(92) ???
cfn=(344) init_have_lse_atomics
calls=1 -74 
* 38
cob=(4) /usr/libexec/valgrind/vgpreload_core-arm64-linux.so
cfi=(91) ???
cfn=(338) 0x0000000000000650
calls=1 -74 
* 11
-1 6
+3 18
-29 2
+74 20
-1 4
+1 4
cfn=(329)
calls=4 -94 
* 564
-1 10
+7 6

fl=(56)
fn=(174)
49 72
+3 3
-1 6
+17 36
-23 72
+9 9
+1 6
cfn=(175) _dl_map_object_from_fd'2
calls=3 +13 
* 1332

fn=(175)
49 30
+3 13
-1 26
+17 18
-23 36
+27 3
fi=(4)
+7 3
fe=(56)
-7 3
+12 6
+1 15
+1 15
+1 15
+1 6
+1 15
+1 12
+1 15
+12 3
+7 3
-7 15
+7 3
+5 9
+7 6
+1 12
+6 6
+18 6
+5 4
+2 2
+2 2
+2 2
+4 6
+2 9
+1 3
+9 6
+6 3
+4 6
fi=(30)
1276 12
+2 12
+10 6
+19 9
+2 15
+52 6
+1 3
+6 3
+1 3
-1 9
+1 6
-1 54
+1 72
+11 6
cfi=(57) ./io/../sysdeps/unix/sysv/linux/close_nocancel.c
cfn=(178) __GI___close_nocancel
calls=3 25 
* 27
* 3
+13 9
+2 6
+2 3
-2 6
+2 3
+16 6
cfi=(8)
cfn=(14)
calls=3 28 
* 72
+4 3
+1 6
+17 6
+1 2
+3 3
+5 2
-5 6
+5 4
+5 9
+12 21
+10 4
+13 6
cfi=(22)
cfn=(70)
calls=2 31 
* 117
+3 2
+4 4
cfi=(38)
cfn=(180)
calls=2 38 
* 20
* 2
+1 4
+18 4
+4 14
+1 6
cfi=(42)
cfn=(182)
calls=2 77 
* 22
* 2
cfn=(157)
calls=2 +4 
* 18
fe=(56)
54 39
+1 26
cfn=(175)
calls=13 +13 
* 5743
181 6
cfn=(175)
calls=2 +3 
* 678
-22 4
cfn=(175)
calls=2 +3 
* 702
fi=(30)
1462 6
+1 4
fi=(4)
79 2
fi=(30)
1464 2
-1 4
+1 2
-1 8
cfi=(26)
cfn=(74)
calls=2 64 
* 109
* 2
+2 6
cfn=(157)
calls=1 +6 
* 137
fe=(56)

fl=(53)
fn=(166)
59 3
-1 3
+1 3
-1 15
+2 6
+41 12
-40 3
cfi=(54)
cfn=(168)
calls=3 +59 
* 18
* 3
+40 3
-40 9
+41 3
cfn=(167) _dl_map_object_from_fd'2
calls=3 +4 
* 611

fn=(167)
106 6
-1 3
+3 3
+7 30
+3 12
cfi=(54)
cfn=(170)
calls=3 +2 
* 18
* 12
+7 3
-44 3
+44 6
fi=(55) ./elf/./dl-load.h
-34 12
fe=(53)
+58 18
+8 3
-2 3
+2 3
-2 3
+1 3
+1 3
+1 3
-1 6
+3 6
+5 6
+3 6
+8 21
cfi=(10)
cfn=(22)
calls=3 32 
* 200
* 9
+6 6
+12 6
-59 30
+2 9
+2 33
cfi=(51)
cfn=(162)
calls=3 -92 
* 39
* 15
fi=(30)
1268 12
fi=(55)
92 8
+1 2
+1 4
-1 2
+1 2
-1 6
+3 8
cfi=(53)
cfn=(167)
calls=2 +53 
* 190
fe=(53)
+90 10
cfi=(51)
cfn=(162)
calls=1 47 
* 13
+3 5

fl=(82) ./elf/./elf/dl-lookup-direct.c
fn=(302) _dl_lookup_direct
74 12
+4 3
-4 9
+1 3
-1 12
+2 3
+2 3
+37 3
-37 9
+1 3
+2 6
+3 3
+2 3
+1 6
-3 3
+3 9
-3 8
+2 2
+1 4
-3 2
+3 6
-3 4
+3 3
cfn=(304) check_match
calls=3 -56 
* 524
+3 3
+3 4
+23 18

fn=(304)
31 15
+1 3
-1 9
+1 3
-1 6
fi=(4)
+48 3
fe=(82)
-47 3
+1 6
+3 12
+12 9
+3 3
+2 3
-2 6
+2 6
cfi=(26)
cfn=(74)
calls=3 +11 
* 218
* 3
+4 3
+1 6
-1 3
+1 18
+1 9
cfi=(26)
cfn=(74)
calls=3 +5 
* 153
-19 6
+24 18

fl=(43) ./string/./string/strcspn.c
fn=(134) strcspn
32 4
+1 2
+1 2
+5 2
+1 1
+1 1
+1 1
+5 1
-8 1
+1 1
+1 1
+1 1
-3 1
+1 1
+1 1
+1 1
+5 2
+1 1
-1 4
+1 2
+3 4
+1 4
+1 4
+1 4
+2 1
+6 1
+2 1
+1 1
-2 1
-1 1
+2 1
+3 7
-5 12
+2 12
+1 12
-2 12
-1 12
+2 12
+3 84
+2 1
+1 6
+1 3

fl=(25)
fn=(66)
72 32
+5 32
+1 32
+1 32
+1 32
+1 32
+1 32
+3 19
+1 19
+1 5
+1 5
+1 5
+1 5
+1 5
+4 14
+1 11
+1 11
+1 11
+1 11
+1 11
+4 3
+9 3
+1 1
+1 1
+1 1
+1 1
+1 1
+1 1
+1 1
+2 3
+5 13
+1 13
+1 13
+1 13
+1 13
+1 13
+1 13

fl=(12)
fn=(26)
261 1
+6 1
-6 3
+6 2
+16 3
56 2
-14 3
+6 1
-3 1
+3 52
+4 1
+4 4
fi=(13) ./elf/./elf/dl-tunables.h
160 2
cfn=(28) __GI___tunables_init
calls=1 * 
* 30722
fi=(9)
-47 1
cfi=(14)
cfn=(30) _dl_sort_maps_init
calls=1 289 
* 36
+2 2
cfi=(15)
cfn=(34)
calls=1 -79 
* 12
fi=(6)
+13 5
fi=(16) ./elf/../sysdeps/unix/sysv/linux/aarch64/cpu-features.c
-57 5
cfi=(12)
cfn=(32)
calls=1 390 
* 107964
fe=(12)

fn=(27) __GI___tunables_init'2
42 189
+6 62
-3 62
+3 5576
+4 62
+4 248
fi=(13)
160 124
cfn=(29) __GI___tunables_init'2
calls=62 * 
* 950466
fe=(12)
281 8064
+6 12663
fi=(13)
160 1134
+1 1701
-1 54
+1 81
-1 54
fe=(12)
42 1
304 3

fn=(44) do_tunable_update_val
69 2
+3 4
+7 1
fi=(156) ./elf/./dl-tunable-types.h
+2 2
cfi=(12)
cfn=(45) do_tunable_update_val'2
calls=1 +13 
* 22
fi=(16)
+29 1
+2 1
-2 1
+7 1
-1 1
+4 1
+7 2
+3 1
fi=(9)
-8 1
fi=(16)
+5 1
+3 1
-3 1
+3 1
fi=(9)
-8 1
+1 1
cfi=(18)
cfn=(48)
calls=1 -73 
* 13
* 1
+2 2
cfi=(19)
cfn=(50)
calls=1 -88 
* 15
* 4
+12 2
+3 6
cfi=(2)
cfn=(52) dl_main
calls=1 +57 
* 107724
fe=(12)

fn=(45)
94 1
-1 1
+7 2
+4 3
+7 2
+1 2
+6 1
-1 1
-2 1
+3 1
+1 2
-25 2
-1 1
fi=(13)
+48 2
cfi=(12)
cfn=(45)
calls=1 -41 
* 15
fe=(12)

fn=(42) __GI___tunable_set_val
153 1
+1 2
-1 1
+4 1
-3 1
+2 2
cfn=(44)
calls=1 -87 
* 107814

fn=(32)
390 45
-3 15
+3 15
-3 15
+3 60
+9 14
-9 14
+26 20
-7 10
+7 60
+2 28
-2 8
-17 4
+17 24
-7 3
cfn=(33)
calls=1 +7 
* 11
fi=(16)
71 1
+3 1
fi=(17) ./elf/../sysdeps/generic/dl-tunables-parse.h
-43 4
fi=(16)
+27 1
+1 1
fi=(17)
-28 2
fi=(16)
+28 7
fi=(17)
-28 14
fi=(16)
+27 33
+23 4
+6 2
+4 1
+2 1
+4 1
+7 3
-7 1
+4 1
-4 2
+7 1
cfi=(12)
cfn=(33)
calls=1 390 
* 23
+1 1
-1 1
+1 1
-26 3
cfn=(38) _dl_sysdep_start
calls=1 +26 
* 107830
fe=(12)

fn=(33)
390 30
-3 10
+3 10
-3 10
+3 40
+9 10
-9 10
+26 12
-7 6
+7 36
+2 22
-2 10
-17 5
+17 30

fl=(1)
fn=(0) (below main)
22 1
+3 1
+1 1
+2 1
+2 1
cfi=(2)
cfn=(2) _dl_start
calls=1 517 
* 1210680603

fl=(81)
fn=(300)
30 1
+7 1
+3 1
-10 2
+10 2
-3 1
+3 4
-10 1
+10 3
cfi=(82)
cfn=(302)
calls=1 +34 
* 215
+4 1
+1 11
+2 3
-2 1
+2 1
-2 1
+2 5
cfi=(82)
cfn=(302)
calls=1 +27 
* 233
+4 1
+1 9
+1 1
-1 2
+1 3

fl=(14)
fn=(30)
289 1
+1 2
-1 1
+1 2
cfi=(12)
cfn=(32)
calls=1 390 
* 23
* 1
+1 1
+1 2
-1 1
+2 2

fn=(218)
298 2
+8 2
-8 22
+8 4
+4 16
182 2
-1 2
+30 2
-28 8
+1 2
-1 2
+1 6
-1 2
+1 8
-1 8
+1 24
-1 8
+28 22
+8 4
-8 2
+8 2
-3 2
+3 4
-79 2
+78 2
-2 2
+5 2
cfn=(219) _dl_sort_maps'2
calls=2 +2 
* 534

fn=(219)
221 16
+2 10
-83 60
cfn=(220) dfs_traversal.part.0
calls=10 -5 
* 364
+86 30
+18 4
+32 8
+7 2
+27 2
-47 8
cfi=(25)
cfn=(66)
calls=2 72 
* 28
* 2
cfn=(219)
calls=2 +13 
* 12

fn=(220)
135 70
+10 10
-2 30
+2 10
+2 28
-7 58
+7 58
+9 10
+15 30
+2 10
-1 10
+1 30
-17 10

fl=(8)
fn=(14)
28 10
fi=(4)
+51 5
fe=(8)
-48 10
+1 10
+2 5
+2 15
+8 5
-7 5
+8 5
-7 5
+3 5
-3 5
+3 5
-3 5
+7 5
-5 5
+3 5
+2 5
+5 5

fl=(18)
fn=(48)
50 17
+2 17
+1 17
+1 17
+1 17
+1 17
+1 17
+1 17
+1 17
+2 5
+1 5
+1 5
+1 5
+4 15
+1 15
+1 15
+1 15
+1 15
+1 9
+1 9
+1 9
+1 9
+1 9
+1 6
+2 6
+1 6
+1 6
+2 6
+2 6
+1 6
+1 6
+1 6
-9 6
+1 6
+1 6
+2 6
+2 6
+1 6
+1 6
+1 6

fl=(46)
fn=(148)
68 195
+1 78
cfi=(26)
cfn=(74)
calls=39 -5 
* 570
* 39
+3 39
+2 39
+6 78
-6 39
+1 141
cfi=(26)
cfn=(74)
calls=47 -11 
* 1338
* 47
+8 8
-13 8
+13 47
-1 31
+1 62

fn=(200)
36 4
+3 1
-3 2
+3 1
cfi=(47)
cfn=(152)
calls=1 -11 
* 19
+1 1
+2 3
cfi=(50)
cfn=(160)
calls=1 -12 
* 9
* 1
+2 2
+3 1
+2 6
cfi=(51)
cfn=(162)
calls=1 -2 
* 13
* 2
cfn=(201) _dl_sysdep_read_whole_file'2
calls=1 +11 
* 16
fi=(62)
411 1
+8 5
+1 19
+3 3
+1 1
-1 3
fi=(63)
194 1
+1 4
fi=(62)
431 1
+1 2
cfn=(199)
calls=1 +50 
* 1186
fe=(46)

fn=(201)
60 2
cfi=(57)
cfn=(178)
calls=1 -35 
* 9
+3 5

fl=(24)
fn=(118)
97 3
+2 5
+7 3

fn=(64)
36 84
+1 28
-1 28
+1 83
+11 81
+1 27
+2 27
-3 27
+3 129
+5 10
+1 6
+2 4
+1 14
cfi=(51)
cfn=(162)
calls=2 -13 
* 26
* 2
+2 4
+2 8
cfi=(52)
cfn=(164)
calls=2 -31 
* 57
+1 10
+2 3
+4 1
-1 2
+3 3
-3 50
+3 75
-30 1
-1 2
+1 2
+1 1
-1 1
+1 1
-2 2
cfn=(65) __minimal_malloc'2
calls=1 +6 
* 15
+28 1
-3 3
+4 2
cfn=(65)
calls=1 -1 
* 5
fi=(23)
-27 1
fi=(22)
+51 1
+5 1
-2 1
+6 1
-4 1
+3 1
-1 1
-3 1
+5 2
-2 1
+2 1
cfi=(25)
cfn=(66)
calls=1 -32 
* 20
* 1
+2 3
+13 2
+6 1
+2 1
+3 2
-3 2
+3 2
+1 3
cfn=(59)
calls=1 +5 
* 148
fi=(40)
432 1
+20 3
+7 2
-7 2
+7 2
cfi=(10)
cfn=(22)
calls=1 32 
* 132
+5 1
+2 1
-2 1
+2 1
cfn=(244)
calls=1 360 
* 59
* 1
+1 1
+3 5
fe=(24)

fn=(65)
36 3
+1 1
-1 1
+1 3
+11 3
+1 1
+2 1
-3 1
+3 2
-3 2
+1 1
+2 1
-3 1
+3 8
+19 6
+3 9

fn=(62)
80 20
+7 10
-7 10
+8 30
-4 10
+4 10
+4 10
fi=(23)
-36 40
cfi=(24)
cfn=(65)
calls=1 -20 
* 24
cfi=(24)
cfn=(64)
calls=9 -20 
* 511
fe=(24)

fl=(2)
fn=(2)
517 1
+29 2
-29 2
+26 2
-26 4
fi=(6)
48 2
fe=(2)
517 1
fi=(3)
45 1
fe=(2)
543 1
+4 1
-30 1
+30 1
-1 1
+1 1
fi=(3)
45 1
+7 1
+16 1
-16 1
+2 1
+14 1
-15 1
+2 2
-6 8
+3 1
-1 2
+17 3
-23 6
+9 3
+2 4
+3 5
+3 4
+2 3
cfn=(4)
calls=1 +4 
* 139868
fi=(1)
-32 1
+5 1
+2 1
+2 1
+1 1
+1 1
+1 1
+1 1
+1 1
cfi=(90)
cfn=(326)
calls=1 +35 
* 1210540657
fe=(2)

fn=(3)
563 1
+2 1
458 1
+18 1
+89 3
+13 1
cfi=(7)
cfn=(12)
calls=1 42 
* 17
458 3
+18 1
+1 1
-19 1
+18 1
cfi=(8)
cfn=(14)
calls=1 28 
* 24
+1 1
+17 1
-15 2
+9 1
-10 1
+10 1
+6 2
-15 1
+15 1
cfi=(9)
cfn=(18)
calls=1 102 
* 139221

fn=(144)
fi=(44)
69 3
+1 3
239 3
-25 1
+34 3
fe=(2)
641 1
+2 1
+1 1
-3 1
+2 1
+1 1
-3 2
+3 1
-1 1
+1 2
cfi=(30)
cfn=(146)
calls=1 1967 
* 2184

fn=(52)
fi=(9)
143 7
fe=(2)
+54 1
1346 5
296 1
1346 6
296 3
1346 1
197 1
+2 1
302 1
+1 1
1357 1
cfi=(20)
cfn=(54) __tls_pre_init_tp
calls=1 53 
* 23
2749 3
2598 3
+2 1
-2 2
+4 3
cfi=(21)
cfn=(56)
calls=1 28 
* 53
* 1
+4 1
-2 1
+2 3
+1 12
-1 48
+3 2
+6 10
+72 12
+2 1
+1 2
-1 1
+1 1
+1 1
cfn=(53)
calls=1 -89 
* 107511

fn=(53)
2602 4
cfi=(21)
cfn=(56)
calls=2 28 
* 107440
* 1
+4 1
-2 1
+2 3
+1 7
-1 28
+3 2
+6 5
1144 56
+56 2
-1 2
+1 2
+1 2
-2 2
+2 4
+1 1
+2 4
+1 6
+4 2
+1 2
-1 4
+1 4
+1 2
+4 4
-72 27
1254 4
cfn=(53)
calls=1 * 
* 106544
-1 18
+1 27
-1 1
+13 2
+3 2
+2 4
1672 4
+1 1
+1 2
fi=(4)
79 1
fe=(2)
1673 1
+2 1
-1 2
+1 3
-2 2
cfi=(26)
cfn=(74)
calls=1 64 
* 39
* 2
+5 3
+3 1
-1 1
+3 1
-2 1
+2 1
+1 1
+4 4
+2 1
fi=(3)
39 2
+6 1
-2 1
+2 1
+7 1
+2 1
-2 1
+3 1
-2 1
-4 18
+3 1
-1 2
+17 8
-23 16
fe=(2)
1744 1
+15 2
-15 2
+1 1
-1 1
+1 1
+2 1
+1 1
-4 2
+3 1
+12 1
-11 1
-3 1
+2 1
+1 1
-2 1
+13 2
+1 3
+5 2
-3 1
+9 2
-6 2
-3 1
+2 1
+6 3
+1 6
+2 3
+1 1
-1 1
+1 1
+5 4
225 1
fi=(4)
79 1
fe=(2)
224 1
+1 2
-1 1
+2 1
1788 3
+5 1
-1 1
1352 1
1793 1
+24 2
cfi=(40)
cfn=(124)
calls=1 194 
* 10
fi=(41) ./elf/../sysdeps/generic/dl-debug.h
29 1
fe=(2)
1817 1
fi=(41)
29 2
+1 1
fe=(2)
1823 2
+1 2
cfi=(38)
cfn=(128)
calls=1 116 
* 4
+1 1
+4 4
cfi=(42)
cfn=(130)
calls=1 29 
* 14
+5 3
+4 1
-2 1
+2 1
+9 2
+16 6
cfi=(58)
cfn=(184)
calls=1 25 
* 15
* 2
+76 2
+16 3
+10 9
cfi=(59)
cfn=(186)
calls=1 143 
* 101918
+14 9
+1 16
+46 1
-42 2
+8 5
+1 1
+2 1
+2 3
+2 1
-4 1
+4 1
-4 2
+5 1
-1 1
+14 2
+2 1
-1 1
+1 1
-1 2
+1 2
-25 1
+36 1
+2 1
-2 1
+1 2
+1 6
-2 1
+1 1
+1 1
cfi=(44)
cfn=(222)
calls=1 186 
* 90374
+14 1
837 1
+13 2
-13 1
+4 2
+9 1
+5 1
-5 1
fi=(157) ./elf/../sysdeps/unix/sysv/linux/dl-osinfo.h
39 1
fe=(2)
841 1
2047 2
2246 1
+4 2
-4 1
+13 1
-13 1
+4 1
-4 1
+10 1
-6 1
+6 1
+3 1
+8 1
fi=(158) ./elf/../sysdeps/aarch64/dl-prop.h
30 1
fe=(2)
2267 1
fi=(158)
30 3
cfi=(69)
cfn=(250)
calls=1 +51 
* 4
fe=(2)
2284 1
-5 2
+5 1
-5 1
+3 1
-3 1
+5 1
-2 2
+2 1
+1 6
cfi=(70)
cfn=(252) _dl_relocate_object
calls=1 207 
* 85127
+95 5
cfi=(83) ./elf/./elf/dl-call-libc-early-init.c
cfn=(306) _dl_call_libc_early_init
calls=1 29 
* 535
1144 12
+20 2
+2 1
+7 1
-9 1
-1 1
+10 1
+18 2
cfn=(53)
calls=1 -48 
* 106697
-37 1
-1 1
+1 1
-1 1
+1 3
-1 2
+1 1
+1 1
cfn=(53)
calls=1 -12 
* 106605
+92 2
+1 2
+1 1
cfn=(53)
calls=1 1143 
* 106551
-6 2
+1 1
cfn=(53)
calls=1 1143 
* 106567
fi=(3)
54 3
fi=(39)
-20 2
cfi=(2)
cfn=(53)
calls=1 1788 
* 104648
fe=(2)
2640 5
+10 4
226 2
cfn=(53)
calls=1 -2 
* 104652
fi=(3)
56 4
+3 5
fe=(2)
1206 3
cfn=(53)
calls=1 +3 
* 106634
2650 7
+2 2
+1 1
cfn=(53)
calls=1 -51 
* 107135
fi=(3)
62 4
+2 3
cfn=(76)
calls=1 +4 
* 106344
fe=(2)
1943 7
1842 5
cfn=(132) handle_preload_list
calls=1 869 
* 104586
1943 6
+1 1
+3 3
+1 1
+1 1
-6 1
+7 2

fn=(132)
869 7
+5 2
+6 1
-10 4
+7 1
183 5
cfn=(133) handle_preload_list'2
calls=1 877 
* 2584
1842 3
cfn=(53)
calls=1 +5 
* 101979

fn=(133)
891 2
+1 4
cfn=(136) do_preload
calls=1 -88 
* 2319

ob=(3)
fl=(89)
fn=(330)
0 4
cob=(4)
cfi=(91)
cfn=(332) 0x0000000000000570
calls=1 0 
0 4
0 2

fn=(392)
0 4
cob=(6)
cfi=(102)
cfn=(394) call_weak_fn
calls=1 0 
0 4
0 2

fn=(364)
0 4
cob=(5)
cfi=(100) ./csu/../sysdeps/aarch64/crti.S
cfn=(366) call_weak_fn
calls=1 63 
0 4
0 2

ob=(4)
fl=(91)
fn=(556) 0x0000000000000600
0 12
cfn=(574) 0x0000000000000590
calls=1 0 
0 12
cob=(1)
cfi=(144)
cfn=(566)
calls=1 38 
0 698
0 10
fi=(140) ./elf/./elf/dl-call_fini.c
42 4
+5 1
+1 1
+1 1
+1 2
-1 4
fe=(91)

fn=(332)
0 3

ob=(1)
fl=(2)
fn=(133)
877 3
cfi=(43)
cfn=(134)
calls=1 32 
* 227
* 1
+1 3
+2 1
+7 1
-7 3
cfi=(25)
cfn=(66)
calls=1 72 
* 14
+1 1
183 1
888 1
+1 2
183 1

fn=(234)
734 3
+2 2
-2 2
+6 1
-4 2
+4 1
fi=(23)
44 1
fe=(2)
751 1
fi=(23)
44 1
fe=(2)
746 1
fi=(23)
44 3
cfi=(24)
cfn=(62)
calls=1 +36 
* 38
fe=(2)
755 1
+6 1
-12 1
+7 1
+1 1
+4 1
+2 2
-1 2
+3 10
+4 3
-5 1
-1 1
+1 4
-1 4
+10 5
+3 2
cfi=(40)
cfn=(238)
calls=1 97 
* 81
+3 1
cfi=(40)
cfn=(240)
calls=1 222 
* 467
2040 3
cfn=(53)
calls=1 +2 
* 85180

fn=(136)
804 2
+8 1
-8 2
+10 2
-10 1
+12 5
-12 2
+10 1
+2 1
-6 1
+1 1
+1 1
+4 1
cfi=(44)
cfn=(138)
calls=1 254 
* 2286
+76 1
-18 2
+21 9

fn=(224)
fi=(44)
69 2
+1 1
197 2
+1 4
fe=(2)
674 1
+2 2
-2 3
+2 3
cfi=(66)
cfn=(226)
calls=1 392 
* 4505

fl=(93) ./misc/./misc/getauxval.c
fn=(346) getauxval
0 6
56 2
+3 2
cfn=(348) __getauxval2
calls=1 -34 
* 15

fn=(348)
25 2
+5 2
+2 2
+1 1
cfn=(349) __getauxval2'2
calls=1 * 
* 4
+26 1
+1 1
+4 2

fn=(349)
33 1
+18 1
-14 1
+14 1

fl=(83)
fn=(306)
29 1
-2 1
+6 2
-6 1
+6 4
-6 3
+6 3
cfi=(82)
cfn=(302)
calls=1 +41 
* 220
+4 1
+2 6
+1 1
+1 1
-2 1
+2 1
-1 2
cob=(2)
cfi=(84)
cfn=(308)
calls=1 -7 
* 287

fl=(13)
fn=(28)
160 2
+1 4
-1 2
cfi=(12)
cfn=(27)
calls=1 287 
* 30714

fn=(29)
160 204
+1 308
-1 124
cfi=(12)
cfn=(27)
calls=62 287 
* 949830

fl=(16)
fn=(38)
105 1
+3 5
-3 1
+3 1
cfi=(12)
cfn=(42)
calls=1 +45 
* 107822

fl=(50)
fn=(160)
30 4
+9 8
-9 4
+9 12
+33 8

fl=(140)
fn=(528) _dl_call_fini
24 5
+4 5
-4 15
+4 10
+6 5
-2 15
+3 5
+4 3
-1 3
+1 6
-1 3
+1 3
+3 3
-4 3
+4 6
+1 6
cob=(5)
cfi=(101)
cfn=(582) 0x000000000000cbd0
calls=1 -43 
* 150
cob=(4)
cfi=(91)
cfn=(556)
calls=1 -43 
* 745
cob=(6)
cfi=(102)
cfn=(530) 0x0000000000000780
calls=1 -43 
* 150
+4 2
+1 2
+2 6
-50 15

fl=(10)
fn=(22)
32 10
+5 10
+1 10
+2 10
+1 10
+1 6
+1 6
+1 6
+3 6
+1 2
+1 2
+1 2
+2 4
+1 4
+1 4
+1 4
+29 4
+1 4
+1 4
+1 4
+1 4
+1 4
+2 4
+1 4
+1 4
+1 4
+1 4
+2 4
+1 4
-4 70
+1 70
+2 70
+1 70
+1 4
+1 4
+1 7
+5 3
+1 3

fl=(61)
fn=(196)
146 1
-55 2
+55 1
-55 2
+70 3
+1 2

fl=(137)
fn=(520)
26 1
+20 1
-20 4
+23 1
-23 1
+17 1
+16 1
-33 3
+20 1
-20 2
+20 8
cfn=(521)
calls=1 +3 
* 1931
fi=(135)
+18 2
+49 3
+13 2
-66 2
+66 1
-66 1
+66 1
cob=(2)
cfi=(94)
cfn=(390)
calls=1 0 
* 6
* 2
+2 1
-19 4
cob=(2)
cfi=(94)
cfn=(386)
calls=1 0 
* 6
* 1
+10 2
+1 1
+9 1
cob=(2)
cfi=(122)
cfn=(600)
calls=1 842 
* 477
fe=(137)

fn=(521)
49 3
cob=(2)
cfi=(138)
cfn=(522)
calls=1 +28 
* 1928
+61 5
+2 10
+2 10
cfi=(140)
cfn=(528)
calls=5 -90 
* 1166
+3 10
cfi=(42)
cfn=(554)
calls=5 -20 
* 55
+5 5
-14 5
+14 10
-14 10
+18 3
cfi=(42)
cfn=(322)
calls=1 -81 
* 14
-80 6

fl=(35)
fn=(110)
54 10
+2 10
+1 10
+1 10
+1 10
+1 10
+1 10
+1 10
+1 10
+1 10
+1 10
+1 10
+1 10
+2 4
+1 4
+3 4
+1 4
+1 4
+1 4
+4 7
+1 7
+1 7
+1 7
+1 7
+1 7
+1 1
+1 1
+1 1
+1 1
+1 1
+1 1
+9 6
+1 6
+1 6
+1 6
+2 6
+1 6
+2 6
+1 6
+1 6
+1 6

fl=(20)
fn=(72)
42 9
+2 9
-2 9
+2 18

fn=(246)
68 1
fi=(159) ./elf/../include/list.h
-25 2
fe=(20)
+25 2
+1 1
fi=(159)
-26 2
+1 3
fe=(20)
+28 1
fi=(159)
-27 1
fe=(20)
+27 1
fi=(159)
-26 1
fe=(20)
+29 2
fi=(159)
-28 1
fe=(20)
+28 1
+7 1
+5 1
-12 1
+1 1
+6 1
-5 1
+13 1
+3 3
-18 1
+14 1
+1 1
-14 1
+6 1
-5 1
+16 1
+12 4
cfi=(12)
cfn=(33)
calls=1 390 
* 23
* 1
fi=(68) ./elf/../sysdeps/unix/sysv/linux/rseq-internal.h
-73 1
+2 7
+3 2
+3 2
fe=(20)
+81 2
+7 1
-7 1
+7 1
-7 1
+7 1
+1 3

fn=(54)
53 1
+8 1
+1 1
-9 1
+3 2
+5 3
-5 1
+6 1
-5 1
-1 1
+1 1
+1 1
-1 1
+1 1
-1 2
+1 2
+6 2

fl=(64)
fn=(212)
85 4
fi=(59)
448 6
+1 4
cfn=(187)
calls=1 +3 
* 488
fe=(64)

fl=(70)
fn=(252)
207 9
+1 1
-1 1
+1 1
+12 1
+6 2
+2 2
+1 1
-1 1
+1 1
-5 2
cfn=(253)
calls=1 +27 
* 56667
fi=(2)
2285 1
+26 1
-19 1
+1 1
+17 4
-17 4
+2 2
+9 2
-9 2
+5 4
+2 2
+6 6
+2 4
+1 7
cfi=(70)
cfn=(253)
calls=1 207 
* 20
+4 7
+1 2
-23 1
+23 1
cfi=(40)
cfn=(280)
calls=1 1017 
* 28363
-12 1
+1 1
-3 1
fe=(70)

fn=(253)
207 45
+1 5
-1 5
+1 5
+12 4
+6 8
+2 8
+1 4
-1 4
+1 4
+22 5
+1 10
-32 2
+35 10
+7 10
fi=(6)
67 5
fi=(4)
+12 5
fi=(6)
-12 20
fi=(4)
+12 4
fe=(70)
301 8
fi=(4)
79 4
fe=(70)
301 170
-80 4
-38 4
fi=(5)
-69 4
fe=(70)
+69 8
+7 4
+31 4
-38 8
+38 4
fi=(6)
+33 12
fi=(5)
53 8
-3 4
-1 4
+4 4
fe=(70)
301 4
fi=(5)
49 4
+4 4
-3 4
-1 4
+4 4
+27 4
fe=(70)
301 5
fi=(4)
79 5
fe=(70)
301 5
fi=(5)
51 10
fi=(4)
+28 10
cfi=(5)
cfn=(258)
calls=2 -26 
* 150
cfi=(5)
cfn=(259)
calls=3 -26 
* 279
fe=(70)
350 8
fi=(5)
114 8
+9 9
fi=(6)
303 3
fi=(5)
123 3
fi=(6)
303 9
fi=(5)
123 6
fi=(6)
303 1094
fi=(5)
123 1094
fi=(6)
303 3282
fi=(5)
123 2188
+3 8
fi=(4)
-47 4
fi=(5)
+50 8
+2 8
fi=(71)
-93 4
-1 8
+1 4
fi=(6)
254 8
fi=(71)
37 8
fi=(6)
254 4
fi=(71)
38 4
fi=(5)
+95 4
+3 4
-3 4
fi=(6)
+42 4
fi=(5)
-40 4
-1 4
-1 4
+3 4
-2 8
-1 4
+3 4
fi=(6)
+41 8
+2 4
fe=(70)
-9 12
fi=(4)
-30 12
fe=(70)
+31 8
+3 32
+12 148
fi=(4)
79 74
fe=(70)
186 148
-2 74
-1 74
+3 222
+1 74
+1 148
-1 148
+3 444
cfi=(72)
cfn=(263)
calls=70 772 
* 1835695
cfi=(72)
cfn=(262)
calls=4 772 
* 68703
fi=(5)
-40 16
cfi=(70)
cfn=(253)
calls=4 +36 
* 68787
fe=(70)
+27 14
+1 14
-1 7
+19 7
-19 14
+1 7
cfi=(6)
cfn=(255)
calls=6 +10 
* 159431
cfi=(6)
cfn=(254)
calls=1 +10 
* 37579
fi=(6)
72 3
+1 2
+4 1
+10 1
+16 5
cfi=(4)
cfn=(256)
calls=1 -24 
* 3236
fe=(70)
301 12
cfn=(253)
calls=4 -80 
* 76791
186 12
fi=(4)
79 6
fe=(70)
186 12
-2 6
-1 6
+3 12
+4 48
cfi=(72)
cfn=(263)
calls=5 772 
* 7641
cfi=(72)
cfn=(262)
calls=1 772 
* 3074
+63 6
cfn=(253)
calls=3 +2 
* 74419
-29 8
cfn=(253)
calls=4 +27 
* 23643
fi=(2)
2293 9
+2 2
+9 2
-9 2
+5 4
+2 2
+6 6
+2 4
+1 14
cfi=(70)
cfn=(253)
calls=2 207 
* 28935
+4 6
-22 1
+32 4
+4 5
+2 6
+7 3
cfi=(40)
cfn=(282)
calls=1 523 
* 7149
+34 1
cfn=(53)
calls=1 +8 
* 540
fe=(70)

fn=(278)
355 5
+1 5
-1 5
+1 10
-1 10
+1 10
+3 5
-3 10
+3 10
+4 10
+7 15
-6 15
cfi=(54)
cfn=(170)
calls=5 120 
* 30
* 5

fl=(92)
fn=(344)
0 5
cfi=(93)
cfn=(346)
calls=1 56 
0 25
fi=(90)
73 3
+3 5
fe=(92)

fl=(38)
fn=(128)
116 4
+1 4

fn=(120)
56 3
+3 1
+26 2
-22 1
+22 1
-22 1
+1 2
+21 1
-24 1
-4 1
+33 1
+1 1
+4 1
-4 2
+1 1
+3 1
+1 9
cfn=(121) _dl_debug_initialize'2
calls=1 +3 
* 3
fi=(2)
1733 1
+7 1
-5 1
+5 2
+3 4
cfn=(53)
calls=1 +1 
* 104711
fe=(38)

fn=(121)
99 1

ob=(4)
fl=(91)
fn=(332)
0 1

fn=(578) 0x0000000000000634
0 5

fn=(340) 0x00000000000005c0
0 10

fn=(338)
0 1
cfn=(340)
calls=1 0 
0 10

fn=(574)
0 7
cfn=(578)
calls=1 0 
0 5

ob=(1)
fl=(38)
fn=(121)
107 2

fn=(180)
38 12
+2 4
+8 8
-7 8
+3 8

fl=(57)
fn=(178)
25 4
+1 8
-1 4
+1 12
+1 8

ob=(5)
fl=(110) ./math/../sysdeps/ieee754/dbl-64/e_sqrt.c
fn=(426) __sqrt_finite@GLIBC_2.17
146 33679057
-94 67358114
+94 67358114

fl=(109) ./math/./math/w_sqrt_compat.c
fn=(424) sqrt
35 33679057
-1 101037171
+1 33679057
+4 33679057
-1 67358114
cfi=(110)
cfn=(426)
calls=33679057 146 
* 168395285

fl=(100)
fn=(366)
63 1
+1 1
+1 1
+3 1

fl=(101)
fn=(596) 0x000000000000cc08
0 6

fn=(372) 0x000000000000cb90
0 10

fn=(370)
0 2
cfn=(372)
calls=1 0 
0 10

fn=(592) 0x000000000000cb60
0 7
cfn=(596)
calls=1 0 
0 6

fn=(582)
fi=(140)
42 4
+5 1
+1 1
+1 1
+1 2
-1 4
fe=(101)
-49 13
cfn=(592)
calls=1 0 
0 13
cob=(2)
cfi=(141)
cfn=(538)
calls=1 33 
0 106
0 5

ob=(6)
fl=(108)
fn=(416)
26 4
+1 3
+1 2
cfn=(418) sum_of_squares_of_primes
calls=1 -12 
* 1210537252
fi=(105)
+46 1
cob=(2)
cfi=(135)
cfn=(514)
calls=1 +63 
* 2549
fe=(108)

fn=(420) is_prime
6 4
+1 3
+1 5
cfn=(421) is_prime'2
calls=1 +6 
* 3
+11 2
cfn=(421)
calls=1 -13 
* 1210531441
* 4
+1 6
-2 7

fn=(421)
6 3999992
+1 2999994
+1 2999994
+1 4999990
cfn=(421)
calls=499999 +5 
* 1499997
+1 1499997
cfn=(421)
calls=499999 * 
* 1179060520
* 2499995
cfn=(421)
calls=421502 +4 
* 1264506
cob=(5)
cfi=(109)
cfn=(424)
calls=33679057 +25 
* 437827741
* 737468278
+4 2764506
+5 1999994
cfn=(421)
calls=999997 -13 
* 703693541707873
* 3999992
+1 470982
-2 6999986
+5 1
+1 2

fn=(418)
16 3
+1 1
+1 3
cfn=(419) sum_of_squares_of_primes'2
calls=1 * 
* 1210531481
+10 1
+1 5
cob=(2)
cfi=(111)
cfn=(430)
calls=1 -1 
* 5754
* 4

fn=(419)
19 2
cfn=(420)
calls=1 -13 
* 1210531475
-1 4

fl=(102)
fn=(394)
0 4

fn=(530)
0 13
cfn=(546) 0x0000000000000710
calls=1 0 
0 13
cob=(2)
cfi=(141)
cfn=(538)
calls=1 33 
0 106
0 5
fi=(140)
42 4
+5 1
+1 1
+1 1
+1 2
-1 4
fe=(102)

fn=(400) 0x0000000000000740
0 10

fn=(398)
0 2
cfn=(400)
calls=1 0 
0 10

fn=(550) 0x00000000000007b8
0 6

fn=(376)
0 12
cob=(2)
cfi=(103)
cfn=(380)
calls=1 242 
0 1210540065
0 4

fn=(546)
0 7
cfn=(550)
calls=1 0 
0 6

totals: 1210680608
